#
# There is insufficient memory for the Java Runtime Environment to continue.
# Native memory allocation (malloc) failed to allocate 355856 bytes for Chunk::new
# Possible reasons:
#   The system is out of physical RAM or swap space
#   In 32 bit mode, the process size limit was hit
# Possible solutions:
#   Reduce memory load on the system
#   Increase physical memory or swap space
#   Check if swap backing store is full
#   Use 64 bit Java on a 64 bit OS
#   Decrease Java heap size (-Xmx/-Xms)
#   Decrease number of Java threads
#   Decrease Java thread stack sizes (-Xss)
#   Set larger code cache with -XX:ReservedCodeCacheSize=
# This output file may be truncated or incomplete.
#
#  Out of Memory Error (allocation.cpp:390), pid=19144, tid=0x0000000000004c78
#
# JRE version: Java(TM) SE Runtime Environment (8.0_181-b13) (build 1.8.0_181-b13)
# Java VM: Java HotSpot(TM) 64-Bit Server VM (25.181-b13 mixed mode windows-amd64 compressed oops)
# Failed to write core dump. Minidumps are not enabled by default on client versions of Windows
#

---------------  T H R E A D  ---------------

Current thread (0x00000000176e2000):  JavaThread "C2 CompilerThread1" daemon [_thread_in_native, id=19576, stack(0x00000000192f0000,0x00000000193f0000)]

Stack: [0x00000000192f0000,0x00000000193f0000]
[error occurred during error reporting (printing stack bounds), id 0xc0000005]

Native frames: (J=compiled Java code, j=interpreted, Vv=VM code, C=native code)


Current CompileTask:
C2:   2655 1709   !   4       sun.nio.cs.StreamDecoder::read (196 bytes)


---------------  P R O C E S S  ---------------

Java Threads: ( => current thread )
  0x0000000018db3000 JavaThread "Service Thread" daemon [_thread_blocked, id=19592, stack(0x00000000194f0000,0x00000000195f0000)]
  0x00000000176e2800 JavaThread "C1 CompilerThread2" daemon [_thread_blocked, id=19580, stack(0x00000000193f0000,0x00000000194f0000)]
=>0x00000000176e2000 JavaThread "C2 CompilerThread1" daemon [_thread_in_native, id=19576, stack(0x00000000192f0000,0x00000000193f0000)]
  0x00000000176de000 JavaThread "C2 CompilerThread0" daemon [_thread_in_native, id=19612, stack(0x00000000191f0000,0x00000000192f0000)]
  0x00000000176ba000 JavaThread "Monitor Ctrl-Break" daemon [_thread_in_native, id=19584, stack(0x00000000190f0000,0x00000000191f0000)]
  0x00000000176a9000 JavaThread "Attach Listener" daemon [_thread_blocked, id=18996, stack(0x0000000018bf0000,0x0000000018cf0000)]
  0x00000000176a5800 JavaThread "Signal Dispatcher" daemon [_thread_blocked, id=19344, stack(0x0000000018af0000,0x0000000018bf0000)]
  0x0000000002b48800 JavaThread "Finalizer" daemon [_thread_blocked, id=18796, stack(0x00000000188f0000,0x00000000189f0000)]
  0x0000000002b43000 JavaThread "Reference Handler" daemon [_thread_blocked, id=19172, stack(0x00000000187f0000,0x00000000188f0000)]
  0x0000000002a52800 JavaThread "main" [_thread_in_Java, id=18492, stack(0x0000000002790000,0x0000000002890000)]

Other Threads:
  0x0000000017667000 VMThread [stack: 0x00000000186f0000,0x00000000187f0000] [id=18572]
  0x0000000018dc2800 WatcherThread [stack: 0x00000000195f0000,0x00000000196f0000] [id=9956]

VM state:not at safepoint (normal execution)

VM Mutex/Monitor currently owned by a thread: None

Heap:
 PSYoungGen      total 38400K, used 13185K [0x00000000d5d80000, 0x00000000d8800000, 0x0000000100000000)
  eden space 33280K, 24% used [0x00000000d5d80000,0x00000000d65684c8,0x00000000d7e00000)
  from space 5120K, 99% used [0x00000000d7e00000,0x00000000d82f8020,0x00000000d8300000)
  to   space 5120K, 0% used [0x00000000d8300000,0x00000000d8300000,0x00000000d8800000)
 ParOldGen       total 87552K, used 4248K [0x0000000081800000, 0x0000000086d80000, 0x00000000d5d80000)
  object space 87552K, 4% used [0x0000000081800000,0x0000000081c26390,0x0000000086d80000)
 Metaspace       used 15150K, capacity 15402K, committed 15616K, reserved 1062912K
  class space    used 1863K, capacity 1943K, committed 2048K, reserved 1048576K

Card table byte_map: [0x0000000011f10000,0x0000000012310000] byte_map_base: 0x0000000011b04000

Marking Bits: (ParMarkBitMap*) 0x0000000074862d00
 Begin Bits: [0x00000000129c0000, 0x0000000014960000)
 End Bits:   [0x0000000014960000, 0x0000000016900000)

Polling page: 0x0000000002890000

CodeCache: size=245760Kb used=6445Kb max_used=6445Kb free=239315Kb
 bounds [0x0000000002b50000, 0x00000000031a0000, 0x0000000011b50000]
 total_blobs=2259 nmethods=1915 adapters=255
 compilation: disabled (not enough contiguous free space left)

Compilation events (10 events):
Event: 2.597 Thread 0x00000000176e2800 1926       2       org.codehaus.plexus.interpolation.PrefixAwareRecursionInterceptor::expressionResolutionFinished (9 bytes)
Event: 2.598 Thread 0x00000000176e2800 nmethod 1926 0x000000000319e610 code [0x000000000319e7c0, 0x000000000319f0a8]
Event: 2.598 Thread 0x00000000176e2800 1927       1       java.util.Collections$EmptyList::isEmpty (2 bytes)
Event: 2.598 Thread 0x00000000176e2800 nmethod 1927 0x000000000319f5d0 code [0x000000000319f720, 0x000000000319f830]
Event: 2.598 Thread 0x00000000176e2800 1928       2       org.eclipse.aether.artifact.AbstractArtifact::<init> (5 bytes)
Event: 2.598 Thread 0x00000000176e2800 nmethod 1928 0x000000000319f890 code [0x000000000319f9e0, 0x000000000319fb30]
Event: 2.598 Thread 0x00000000176e2800 1929       1       org.eclipse.aether.DefaultRepositorySystemSession::getLocalRepositoryManager (5 bytes)
Event: 2.598 Thread 0x00000000176e2800 nmethod 1929 0x000000000319fbd0 code [0x000000000319fd20, 0x000000000319fe30]
Event: 2.599 Thread 0x00000000176e2800 1930  s    2       java.util.Hashtable::putAll (52 bytes)
Event: 2.603 Thread 0x00000000176e2800 


GC Heap History (6 events):
Event: 1.050 GC heap before
{Heap before GC invocations=1 (full 0):
 PSYoungGen      total 38400K, used 33280K [0x00000000d5d80000, 0x00000000d8800000, 0x0000000100000000)
  eden space 33280K, 100% used [0x00000000d5d80000,0x00000000d7e00000,0x00000000d7e00000)
  from space 5120K, 0% used [0x00000000d8300000,0x00000000d8300000,0x00000000d8800000)
  to   space 5120K, 0% used [0x00000000d7e00000,0x00000000d7e00000,0x00000000d8300000)
 ParOldGen       total 87552K, used 0K [0x0000000081800000, 0x0000000086d80000, 0x00000000d5d80000)
  object space 87552K, 0% used [0x0000000081800000,0x0000000081800000,0x0000000086d80000)
 Metaspace       used 8125K, capacity 8196K, committed 8320K, reserved 1056768K
  class space    used 1013K, capacity 1052K, committed 1152K, reserved 1048576K
Event: 1.061 GC heap after
Heap after GC invocations=1 (full 0):
 PSYoungGen      total 38400K, used 4606K [0x00000000d5d80000, 0x00000000d8800000, 0x0000000100000000)
  eden space 33280K, 0% used [0x00000000d5d80000,0x00000000d5d80000,0x00000000d7e00000)
  from space 5120K, 89% used [0x00000000d7e00000,0x00000000d827f9a8,0x00000000d8300000)
  to   space 5120K, 0% used [0x00000000d8300000,0x00000000d8300000,0x00000000d8800000)
 ParOldGen       total 87552K, used 8K [0x0000000081800000, 0x0000000086d80000, 0x00000000d5d80000)
  object space 87552K, 0% used [0x0000000081800000,0x0000000081802000,0x0000000086d80000)
 Metaspace       used 8125K, capacity 8196K, committed 8320K, reserved 1056768K
  class space    used 1013K, capacity 1052K, committed 1152K, reserved 1048576K
}
Event: 1.631 GC heap before
{Heap before GC invocations=2 (full 0):
 PSYoungGen      total 38400K, used 37886K [0x00000000d5d80000, 0x00000000d8800000, 0x0000000100000000)
  eden space 33280K, 100% used [0x00000000d5d80000,0x00000000d7e00000,0x00000000d7e00000)
  from space 5120K, 89% used [0x00000000d7e00000,0x00000000d827f9a8,0x00000000d8300000)
  to   space 5120K, 0% used [0x00000000d8300000,0x00000000d8300000,0x00000000d8800000)
 ParOldGen       total 87552K, used 8K [0x0000000081800000, 0x0000000086d80000, 0x00000000d5d80000)
  object space 87552K, 0% used [0x0000000081800000,0x0000000081802000,0x0000000086d80000)
 Metaspace       used 11608K, capacity 11792K, committed 12160K, reserved 1060864K
  class space    used 1459K, capacity 1544K, committed 1664K, reserved 1048576K
Event: 1.640 GC heap after
Heap after GC invocations=2 (full 0):
 PSYoungGen      total 38400K, used 5115K [0x00000000d5d80000, 0x00000000d8800000, 0x0000000100000000)
  eden space 33280K, 0% used [0x00000000d5d80000,0x00000000d5d80000,0x00000000d7e00000)
  from space 5120K, 99% used [0x00000000d8300000,0x00000000d87feda0,0x00000000d8800000)
  to   space 5120K, 0% used [0x00000000d7e00000,0x00000000d7e00000,0x00000000d8300000)
 ParOldGen       total 87552K, used 1498K [0x0000000081800000, 0x0000000086d80000, 0x00000000d5d80000)
  object space 87552K, 1% used [0x0000000081800000,0x0000000081976860,0x0000000086d80000)
 Metaspace       used 11608K, capacity 11792K, committed 12160K, reserved 1060864K
  class space    used 1459K, capacity 1544K, committed 1664K, reserved 1048576K
}
Event: 2.535 GC heap before
{Heap before GC invocations=3 (full 0):
 PSYoungGen      total 38400K, used 38395K [0x00000000d5d80000, 0x00000000d8800000, 0x0000000100000000)
  eden space 33280K, 100% used [0x00000000d5d80000,0x00000000d7e00000,0x00000000d7e00000)
  from space 5120K, 99% used [0x00000000d8300000,0x00000000d87feda0,0x00000000d8800000)
  to   space 5120K, 0% used [0x00000000d7e00000,0x00000000d7e00000,0x00000000d8300000)
 ParOldGen       total 87552K, used 1498K [0x0000000081800000, 0x0000000086d80000, 0x00000000d5d80000)
  object space 87552K, 1% used [0x0000000081800000,0x0000000081976860,0x0000000086d80000)
 Metaspace       used 15050K, capacity 15268K, committed 15616K, reserved 1062912K
  class space    used 1851K, capacity 1942K, committed 2048K, reserved 1048576K
Event: 2.546 GC heap after
Heap after GC invocations=3 (full 0):
 PSYoungGen      total 38400K, used 5088K [0x00000000d5d80000, 0x00000000d8800000, 0x0000000100000000)
  eden space 33280K, 0% used [0x00000000d5d80000,0x00000000d5d80000,0x00000000d7e00000)
  from space 5120K, 99% used [0x00000000d7e00000,0x00000000d82f8020,0x00000000d8300000)
  to   space 5120K, 0% used [0x00000000d8300000,0x00000000d8300000,0x00000000d8800000)
 ParOldGen       total 87552K, used 4248K [0x0000000081800000, 0x0000000086d80000, 0x00000000d5d80000)
  object space 87552K, 4% used [0x0000000081800000,0x0000000081c26390,0x0000000086d80000)
 Metaspace       used 15050K, capacity 15268K, committed 15616K, reserved 1062912K
  class space    used 1851K, capacity 1942K, committed 2048K, reserved 1048576K
}

Deoptimization events (10 events):
Event: 2.553 Thread 0x0000000002a52800 Uncommon trap: reason=unstable_if action=reinterpret pc=0x00000000031021a4 method=java.util.HashMap.hash(Ljava/lang/Object;)I @ 1
Event: 2.553 Thread 0x0000000002a52800 Uncommon trap: reason=unstable_if action=reinterpret pc=0x0000000002ebbf70 method=java.util.HashMap.hash(Ljava/lang/Object;)I @ 1
Event: 2.622 Thread 0x0000000002a52800 Uncommon trap: reason=speculate_class_check action=maybe_recompile pc=0x000000000306e8c8 method=java.nio.charset.CharsetDecoder.decode(Ljava/nio/ByteBuffer;Ljava/nio/CharBuffer;Z)Ljava/nio/charset/CoderResult; @ 57
Event: 2.623 Thread 0x0000000002a52800 Uncommon trap: reason=class_check action=maybe_recompile pc=0x0000000002df6590 method=java.nio.charset.CharsetDecoder.decode(Ljava/nio/ByteBuffer;Ljava/nio/CharBuffer;Z)Ljava/nio/charset/CoderResult; @ 57
Event: 2.623 Thread 0x0000000002a52800 Uncommon trap: reason=speculate_class_check action=maybe_recompile pc=0x000000000306e8c8 method=java.nio.charset.CharsetDecoder.decode(Ljava/nio/ByteBuffer;Ljava/nio/CharBuffer;Z)Ljava/nio/charset/CoderResult; @ 57
Event: 2.623 Thread 0x0000000002a52800 Uncommon trap: reason=class_check action=maybe_recompile pc=0x0000000002df6590 method=java.nio.charset.CharsetDecoder.decode(Ljava/nio/ByteBuffer;Ljava/nio/CharBuffer;Z)Ljava/nio/charset/CoderResult; @ 57
Event: 2.624 Thread 0x0000000002a52800 Uncommon trap: reason=speculate_class_check action=maybe_recompile pc=0x000000000306e8c8 method=java.nio.charset.CharsetDecoder.decode(Ljava/nio/ByteBuffer;Ljava/nio/CharBuffer;Z)Ljava/nio/charset/CoderResult; @ 57
Event: 2.624 Thread 0x0000000002a52800 Uncommon trap: reason=class_check action=maybe_recompile pc=0x0000000002df6590 method=java.nio.charset.CharsetDecoder.decode(Ljava/nio/ByteBuffer;Ljava/nio/CharBuffer;Z)Ljava/nio/charset/CoderResult; @ 57
Event: 2.624 Thread 0x0000000002a52800 Uncommon trap: reason=speculate_class_check action=maybe_recompile pc=0x000000000306e8c8 method=java.nio.charset.CharsetDecoder.decode(Ljava/nio/ByteBuffer;Ljava/nio/CharBuffer;Z)Ljava/nio/charset/CoderResult; @ 57
Event: 2.624 Thread 0x0000000002a52800 Uncommon trap: reason=class_check action=maybe_recompile pc=0x0000000002df6590 method=java.nio.charset.CharsetDecoder.decode(Ljava/nio/ByteBuffer;Ljava/nio/CharBuffer;Z)Ljava/nio/charset/CoderResult; @ 57

Classes redefined (0 events):
No events

Internal exceptions (10 events):
Event: 0.884 Thread 0x0000000002a52800 Exception <a 'java/lang/ArrayIndexOutOfBoundsException': 100> (0x00000000d736cfb0) thrown at [C:\re\workspace\8-2-build-windows-amd64-cygwin\jdk8u181\11358\hotspot\src\share\vm\interpreter\interpreterRuntime.cpp, line 366]
Event: 0.884 Thread 0x0000000002a52800 Exception <a 'java/lang/ArrayIndexOutOfBoundsException': 86> (0x00000000d736e608) thrown at [C:\re\workspace\8-2-build-windows-amd64-cygwin\jdk8u181\11358\hotspot\src\share\vm\interpreter\interpreterRuntime.cpp, line 366]
Event: 1.864 Thread 0x0000000002a52800 Exception <a 'java/lang/NoClassDefFoundError': com/google/inject/servlet/ServletModuleTargetVisitor> (0x00000000d66736c8) thrown at [C:\re\workspace\8-2-build-windows-amd64-cygwin\jdk8u181\11358\hotspot\src\share\vm\classfile\systemDictionary.cpp, line 19
Event: 1.864 Thread 0x0000000002a52800 Exception <a 'java/lang/NoClassDefFoundError'> (0x00000000d66736c8) thrown at [C:\re\workspace\8-2-build-windows-amd64-cygwin\jdk8u181\11358\hotspot\src\share\vm\prims\jvm.cpp, line 1439]
Event: 1.864 Thread 0x0000000002a52800 Exception <a 'java/lang/NoClassDefFoundError': javax/annotation/Priority> (0x00000000d66784e8) thrown at [C:\re\workspace\8-2-build-windows-amd64-cygwin\jdk8u181\11358\hotspot\src\share\vm\classfile\systemDictionary.cpp, line 199]
Event: 2.047 Thread 0x0000000002a52800 Implicit null exception at 0x0000000002d0dfdb to 0x0000000002d0e185
Event: 2.473 Thread 0x0000000002a52800 Implicit null exception at 0x0000000002ee7a95 to 0x0000000002ee7c6d
Event: 2.473 Thread 0x0000000002a52800 Implicit null exception at 0x0000000002e9536f to 0x0000000002e953d9
Event: 2.553 Thread 0x0000000002a52800 Implicit null exception at 0x00000000031019a3 to 0x000000000310218d
Event: 2.553 Thread 0x0000000002a52800 Implicit null exception at 0x0000000002ebbed8 to 0x0000000002ebbf66

Events (10 events):
Event: 2.624 Thread 0x0000000002a52800 DEOPT UNPACKING pc=0x0000000002b9583b sp=0x000000000288bfa0 mode 2
Event: 2.624 Thread 0x0000000002a52800 Uncommon trap: trap_request=0xffffffde fr.pc=0x0000000002df6590
Event: 2.624 Thread 0x0000000002a52800 DEOPT PACKING pc=0x0000000002df6590 sp=0x000000000288bfe0
Event: 2.624 Thread 0x0000000002a52800 DEOPT UNPACKING pc=0x0000000002b9583b sp=0x000000000288bf90 mode 2
Event: 2.624 Thread 0x0000000002a52800 Uncommon trap: trap_request=0xffffff76 fr.pc=0x000000000306e8c8
Event: 2.624 Thread 0x0000000002a52800 DEOPT PACKING pc=0x000000000306e8c8 sp=0x000000000288c040
Event: 2.624 Thread 0x0000000002a52800 DEOPT UNPACKING pc=0x0000000002b9583b sp=0x000000000288bf70 mode 2
Event: 2.624 Thread 0x0000000002a52800 Uncommon trap: trap_request=0xffffffde fr.pc=0x0000000002df6590
Event: 2.624 Thread 0x0000000002a52800 DEOPT PACKING pc=0x0000000002df6590 sp=0x000000000288bfb0
Event: 2.624 Thread 0x0000000002a52800 DEOPT UNPACKING pc=0x0000000002b9583b sp=0x000000000288bf60 mode 2


Dynamic libraries:
0x00007ff702b50000 - 0x00007ff702b87000 	C:\Program Files\Java\jdk1.8.0_181\bin\java.exe
0x00007ffc259c0000 - 0x00007ffc25ba1000 	C:\WINDOWS\SYSTEM32\ntdll.dll
0x00007ffc25510000 - 0x00007ffc255c2000 	C:\WINDOWS\System32\KERNEL32.DLL
0x00007ffc21f30000 - 0x00007ffc221a3000 	C:\WINDOWS\System32\KERNELBASE.dll
0x00007ffc23200000 - 0x00007ffc232a1000 	C:\WINDOWS\System32\ADVAPI32.dll
0x00007ffc23090000 - 0x00007ffc2312e000 	C:\WINDOWS\System32\msvcrt.dll
0x00007ffc231a0000 - 0x00007ffc231fb000 	C:\WINDOWS\System32\sechost.dll
0x00007ffc24df0000 - 0x00007ffc24f14000 	C:\WINDOWS\System32\RPCRT4.dll
0x00007ffc25250000 - 0x00007ffc253e0000 	C:\WINDOWS\System32\USER32.dll
0x00007ffc22e30000 - 0x00007ffc22e50000 	C:\WINDOWS\System32\win32u.dll
0x00007ffc24dc0000 - 0x00007ffc24de8000 	C:\WINDOWS\System32\GDI32.dll
0x00007ffc21d90000 - 0x00007ffc21f22000 	C:\WINDOWS\System32\gdi32full.dll
0x00007ffc229a0000 - 0x00007ffc22a3f000 	C:\WINDOWS\System32\msvcp_win.dll
0x00007ffc22c80000 - 0x00007ffc22d7a000 	C:\WINDOWS\System32\ucrtbase.dll
0x00007ffc14e60000 - 0x00007ffc150c9000 	C:\WINDOWS\WinSxS\amd64_microsoft.windows.common-controls_6595b64144ccf1df_6.0.17134.472_none_fb3f9af53068156d\COMCTL32.dll
0x00007ffc24f20000 - 0x00007ffc25242000 	C:\WINDOWS\System32\combase.dll
0x00007ffc228c0000 - 0x00007ffc2293a000 	C:\WINDOWS\System32\bcryptPrimitives.dll
0x00007ffc23940000 - 0x00007ffc2396d000 	C:\WINDOWS\System32\IMM32.DLL
0x00000000748f0000 - 0x00000000749c2000 	C:\Program Files\Java\jdk1.8.0_181\jre\bin\msvcr100.dll
0x0000000074040000 - 0x00000000748e2000 	C:\Program Files\Java\jdk1.8.0_181\jre\bin\server\jvm.dll
0x00007ffc24db0000 - 0x00007ffc24db8000 	C:\WINDOWS\System32\PSAPI.DLL
0x00007ffc20900000 - 0x00007ffc20909000 	C:\WINDOWS\SYSTEM32\WSOCK32.dll
0x00007ffc23130000 - 0x00007ffc2319c000 	C:\WINDOWS\System32\WS2_32.dll
0x00007ffc14c40000 - 0x00007ffc14c63000 	C:\WINDOWS\SYSTEM32\WINMM.dll
0x00007ffc1d030000 - 0x00007ffc1d03a000 	C:\WINDOWS\SYSTEM32\VERSION.dll
0x00007ffc14c10000 - 0x00007ffc14c3a000 	C:\WINDOWS\SYSTEM32\WINMMBASE.dll
0x00007ffc22c30000 - 0x00007ffc22c79000 	C:\WINDOWS\System32\cfgmgr32.dll
0x0000000074030000 - 0x000000007403f000 	C:\Program Files\Java\jdk1.8.0_181\jre\bin\verify.dll
0x0000000074000000 - 0x0000000074029000 	C:\Program Files\Java\jdk1.8.0_181\jre\bin\java.dll
0x0000000073fd0000 - 0x0000000073ff3000 	C:\Program Files\Java\jdk1.8.0_181\jre\bin\instrument.dll
0x0000000073fb0000 - 0x0000000073fc6000 	C:\Program Files\Java\jdk1.8.0_181\jre\bin\zip.dll
0x00007ffc23970000 - 0x00007ffc24db0000 	C:\WINDOWS\System32\SHELL32.dll
0x00007ffc253e0000 - 0x00007ffc25489000 	C:\WINDOWS\System32\shcore.dll
0x00007ffc221b0000 - 0x00007ffc228bd000 	C:\WINDOWS\System32\windows.storage.dll
0x00007ffc23310000 - 0x00007ffc23361000 	C:\WINDOWS\System32\shlwapi.dll
0x00007ffc21cf0000 - 0x00007ffc21d01000 	C:\WINDOWS\System32\kernel.appcore.dll
0x00007ffc21cd0000 - 0x00007ffc21cef000 	C:\WINDOWS\System32\profapi.dll
0x00007ffc21d20000 - 0x00007ffc21d6c000 	C:\WINDOWS\System32\powrprof.dll
0x00007ffc21d10000 - 0x00007ffc21d1a000 	C:\WINDOWS\System32\FLTLIB.DLL
0x00007ffc0c7c0000 - 0x00007ffc0c7da000 	C:\Program Files\JetBrains\IntelliJ IDEA 2018.2.4\bin\breakgen64.dll
0x0000000073f90000 - 0x0000000073faa000 	C:\Program Files\Java\jdk1.8.0_181\jre\bin\net.dll
0x00007ffc21550000 - 0x00007ffc215b6000 	C:\WINDOWS\system32\mswsock.dll
0x0000000073f70000 - 0x0000000073f81000 	C:\Program Files\Java\jdk1.8.0_181\jre\bin\nio.dll

VM Arguments:
jvm_args: -Dmaven.multiModuleProjectDirectory=D:\AllureCucumberSelenide -Dmaven.home=C:\Program Files\JetBrains\IntelliJ IDEA 2018.2.4\plugins\maven\lib\maven3 -Dclassworlds.conf=C:\Program Files\JetBrains\IntelliJ IDEA 2018.2.4\plugins\maven\lib\maven3\bin\m2.conf -javaagent:C:\Program Files\JetBrains\IntelliJ IDEA 2018.2.4\lib\idea_rt.jar=52583:C:\Program Files\JetBrains\IntelliJ IDEA 2018.2.4\bin -Dfile.encoding=UTF-8 
java_command: org.codehaus.classworlds.Launcher -Didea.version=2018.2.4 clean test site allure:serve
java_class_path (initial): C:\Program Files\JetBrains\IntelliJ IDEA 2018.2.4\plugins\maven\lib\maven3\boot\plexus-classworlds-2.5.2.jar;C:\Program Files\JetBrains\IntelliJ IDEA 2018.2.4\lib\idea_rt.jar
Launcher Type: SUN_STANDARD

Environment Variables:
PATH=C:\Program Files (x86)\Common Files\Oracle\Java\javapath;C:\Program Files (x86)\Intel\iCLS Client\;C:\Program Files\Intel\iCLS Client\;C:\Windows\system32;C:\Windows;C:\Windows\System32\Wbem;C:\Windows\System32\WindowsPowerShell\v1.0\;C:\Program Files (x86)\Intel\Intel(R) Management Engine Components\DAL;C:\Program Files\Intel\Intel(R) Management Engine Components\DAL;C:\Program Files (x86)\Intel\Intel(R) Management Engine Components\IPT;C:\Program Files\Intel\Intel(R) Management Engine Components\IPT;C:\Program Files (x86)\NVIDIA Corporation\PhysX\Common;C:\WINDOWS\system32;C:\WINDOWS;C:\WINDOWS\System32\Wbem;C:\WINDOWS\System32\WindowsPowerShell\v1.0\;C:\WINDOWS\System32\OpenSSH\;C:\Program Files\Git\cmd;C:\Program Files\nodejs\;C:\Program Files\dotnet\;C:\Program Files\Microsoft SQL Server\130\Tools\Binn\;C:\Users\Sergey\AppData\Local\Microsoft\WindowsApps;;C:\Users\Sergey\AppData\Local\Programs\Microsoft VS Code\bin;C:\Users\Sergey\AppData\Roaming\npm
USERNAME=Sergey
OS=Windows_NT
PROCESSOR_IDENTIFIER=Intel64 Family 6 Model 61 Stepping 4, GenuineIntel



---------------  S Y S T E M  ---------------

OS: Windows 10.0 , 64 bit Build 17134 (10.0.17134.1)

CPU:total 4 (initial active 4) (2 cores per cpu, 2 threads per core) family 6 model 61 stepping 4, cmov, cx8, fxsr, mmx, sse, sse2, sse3, ssse3, sse4.1, sse4.2, popcnt, avx, avx2, aes, clmul, erms, 3dnowpref, lzcnt, ht, tsc, tscinvbit, bmi1, bmi2, adx

Memory: 4k page, physical 8287380k(820880k free), swap 33453204k(2204k free)

vm_info: Java HotSpot(TM) 64-Bit Server VM (25.181-b13) for windows-amd64 JRE (1.8.0_181-b13), built on Jul  7 2018 04:01:33 by "java_re" with MS VC++ 10.0 (VS2010)

time: Fri Dec 21 16:19:10 2018
elapsed time: 2 seconds (0d 0h 0m 2s)

