[1660133308.820][INFO]: Starting ChromeDriver 104.0.5112.79 (3cf3e8c8a07d104b9e1260c910efb8f383285dc5-refs/branch-heads/5112@{#1307}) on port 62543
[1660133308.820][INFO]: Please see https://chromedriver.chromium.org/security-considerations for suggestions on keeping ChromeDriver safe.
[1660133309.135][INFO]: [6eaad4e66ba11d106c6c2c7a69b75506] COMMAND InitSession {
   "capabilities": {
      "firstMatch": [ {
         "acceptInsecureCerts": true,
         "browserName": "chrome",
         "goog:chromeOptions": {
            "args": [ "--proxy-bypass-list=\u003C-loopback>", "--disable-dev-shm-usage", "--no-sandbox" ],
            "excludeSwitches": [ "enable-automation", "load-extension" ],
            "extensions": [  ],
            "prefs": {
               "credentials_enable_service": false,
               "download.default_directory": "C:\\Users\\neuro\\IdeaProjects\\AutottestsSample\\build\\downloads\\1660133308097_8984_1",
               "plugins.always_open_pdf_externally": true
            }
         },
         "pageLoadStrategy": "normal"
      } ]
   },
   "desiredCapabilities": {
      "acceptInsecureCerts": true,
      "acceptSslCerts": true,
      "browserName": "chrome",
      "goog:chromeOptions": {
         "args": [ "--proxy-bypass-list=\u003C-loopback>", "--disable-dev-shm-usage", "--no-sandbox" ],
         "excludeSwitches": [ "enable-automation", "load-extension" ],
         "extensions": [  ],
         "prefs": {
            "credentials_enable_service": false,
            "download.default_directory": "C:\\Users\\neuro\\IdeaProjects\\AutottestsSample\\build\\downloads\\1660133308097_8984_1",
            "plugins.always_open_pdf_externally": true
         }
      },
      "handlesAlerts": true,
      "javascriptEnabled": true,
      "pageLoadStrategy": "normal",
      "takesScreenshot": true
   }
}
[1660133309.142][INFO]: Populating Preferences file: {
   "alternate_error_pages": {
      "enabled": false
   },
   "autofill": {
      "enabled": false
   },
   "browser": {
      "check_default_browser": false
   },
   "credentials_enable_service": false,
   "distribution": {
      "import_bookmarks": false,
      "import_history": false,
      "import_search_engine": false,
      "make_chrome_default_for_user": false,
      "skip_first_run_ui": true
   },
   "dns_prefetching": {
      "enabled": false
   },
   "download": {
      "default_directory": "C:\\Users\\neuro\\IdeaProjects\\AutottestsSample\\build\\downloads\\1660133308097_8984_1"
   },
   "plugins": {
      "always_open_pdf_externally": true
   },
   "profile": {
      "content_settings": {
         "pattern_pairs": {
            "https://*,*": {
               "media-stream": {
                  "audio": "Default",
                  "video": "Default"
               }
            }
         }
      },
      "default_content_setting_values": {
         "geolocation": 1
      },
      "default_content_settings": {
         "geolocation": 1,
         "mouselock": 1,
         "notifications": 1,
         "popups": 1,
         "ppapi-broker": 1
      },
      "password_manager_enabled": false
   },
   "safebrowsing": {
      "enabled": false
   },
   "search": {
      "suggest_enabled": false
   },
   "translate": {
      "enabled": false
   }
}
[1660133309.143][INFO]: Populating Local State file: {
   "background_mode": {
      "enabled": false
   },
   "ssl": {
      "rev_checking": {
         "enabled": false
      }
   }
}
[1660133309.147][INFO]: Launching chrome: "C:\Program Files\Google\Chrome\Application\chrome.exe" --allow-pre-commit-input --disable-background-networking --disable-backgrounding-occluded-windows --disable-client-side-phishing-detection --disable-default-apps --disable-dev-shm-usage --disable-hang-monitor --disable-popup-blocking --disable-prompt-on-repost --disable-sync --enable-blink-features=ShadowDOMV0 --enable-logging --ignore-certificate-errors --log-level=0 --no-first-run --no-sandbox --no-service-autorun --password-store=basic --proxy-bypass-list=<-loopback> --remote-debugging-port=0 --test-type=webdriver --use-mock-keychain --user-data-dir="C:\Users\neuro\AppData\Local\Temp\scoped_dir15464_381641717" data:,
[1660133309.717][INFO]: resolved localhost to ["::1","127.0.0.1"]
[1660133309.720][INFO]: resolved localhost to ["::1","127.0.0.1"]
[1660133309.727][INFO]: [6eaad4e66ba11d106c6c2c7a69b75506] RESPONSE InitSession {
   "capabilities": {
      "acceptInsecureCerts": true,
      "browserName": "chrome",
      "browserVersion": "104.0.5112.81",
      "chrome": {
         "chromedriverVersion": "104.0.5112.79 (3cf3e8c8a07d104b9e1260c910efb8f383285dc5-refs/branch-heads/5112@{#1307})",
         "userDataDir": "C:\\Users\\neuro\\AppData\\Local\\Temp\\scoped_dir15464_381641717"
      },
      "goog:chromeOptions": {
         "debuggerAddress": "localhost:65198"
      },
      "networkConnectionEnabled": false,
      "pageLoadStrategy": "normal",
      "platformName": "windows",
      "proxy": {
      },
      "setWindowRect": true,
      "strictFileInteractability": false,
      "timeouts": {
         "implicit": 0,
         "pageLoad": 300000,
         "script": 30000
      },
      "unhandledPromptBehavior": "dismiss and notify",
      "webauthn:extension:credBlob": true,
      "webauthn:extension:largeBlob": true,
      "webauthn:virtualAuthenticators": true
   },
   "sessionId": "6eaad4e66ba11d106c6c2c7a69b75506"
}
[1660133309.774][INFO]: [6eaad4e66ba11d106c6c2c7a69b75506] COMMAND MaximizeWindow {
}
[1660133309.774][INFO]: Waiting for pending navigations...
[1660133309.777][INFO]: Done waiting for pending navigations. Status: ok
[1660133309.899][INFO]: Waiting for pending navigations...
[1660133309.900][INFO]: Done waiting for pending navigations. Status: ok
[1660133309.900][INFO]: [6eaad4e66ba11d106c6c2c7a69b75506] RESPONSE MaximizeWindow {
   "height": 832,
   "width": 1552,
   "x": -8,
   "y": -8
}
[1660133309.906][INFO]: [6eaad4e66ba11d106c6c2c7a69b75506] COMMAND SetTimeouts {
   "pageLoad": 30000
}
[1660133309.906][INFO]: [6eaad4e66ba11d106c6c2c7a69b75506] RESPONSE SetTimeouts
[1660133309.917][INFO]: [6eaad4e66ba11d106c6c2c7a69b75506] COMMAND Navigate {
   "url": "https://yandex.ru"
}
[1660133309.917][INFO]: Waiting for pending navigations...
[1660133309.917][INFO]: Done waiting for pending navigations. Status: ok
[1660133310.426][INFO]: Waiting for pending navigations...
[1660133311.806][INFO]: Done waiting for pending navigations. Status: ok
[1660133311.806][INFO]: [6eaad4e66ba11d106c6c2c7a69b75506] RESPONSE Navigate
[1660133311.887][INFO]: [6eaad4e66ba11d106c6c2c7a69b75506] COMMAND FindElement {
   "using": "xpath",
   "value": "//*[contains(@class, 'input__control ')]"
}
[1660133311.887][INFO]: Waiting for pending navigations...
[1660133311.919][INFO]: Done waiting for pending navigations. Status: ok
[1660133311.973][INFO]: Waiting for pending navigations...
[1660133311.980][INFO]: Done waiting for pending navigations. Status: ok
[1660133311.980][INFO]: [6eaad4e66ba11d106c6c2c7a69b75506] RESPONSE FindElement ERROR no such element: Unable to locate element: {"method":"xpath","selector":"//*[contains(@class, 'input__control ')]"}
  (Session info: chrome=104.0.5112.81)
[1660133312.207][INFO]: [6eaad4e66ba11d106c6c2c7a69b75506] COMMAND FindElement {
   "using": "xpath",
   "value": "//*[contains(@class, 'input__control ')]"
}
[1660133312.207][INFO]: Waiting for pending navigations...
[1660133312.208][INFO]: Done waiting for pending navigations. Status: ok
[1660133312.215][INFO]: Waiting for pending navigations...
[1660133312.216][INFO]: Done waiting for pending navigations. Status: ok
[1660133312.216][INFO]: [6eaad4e66ba11d106c6c2c7a69b75506] RESPONSE FindElement ERROR no such element: Unable to locate element: {"method":"xpath","selector":"//*[contains(@class, 'input__control ')]"}
  (Session info: chrome=104.0.5112.81)
[1660133312.426][INFO]: [6eaad4e66ba11d106c6c2c7a69b75506] COMMAND FindElement {
   "using": "xpath",
   "value": "//*[contains(@class, 'input__control ')]"
}
[1660133312.426][INFO]: Waiting for pending navigations...
[1660133312.434][INFO]: Done waiting for pending navigations. Status: ok
[1660133312.445][INFO]: Waiting for pending navigations...
[1660133312.447][INFO]: Done waiting for pending navigations. Status: ok
[1660133312.447][INFO]: [6eaad4e66ba11d106c6c2c7a69b75506] RESPONSE FindElement ERROR no such element: Unable to locate element: {"method":"xpath","selector":"//*[contains(@class, 'input__control ')]"}
  (Session info: chrome=104.0.5112.81)
[1660133312.654][INFO]: [6eaad4e66ba11d106c6c2c7a69b75506] COMMAND FindElement {
   "using": "xpath",
   "value": "//*[contains(@class, 'input__control ')]"
}
[1660133312.655][INFO]: Waiting for pending navigations...
[1660133312.655][INFO]: Done waiting for pending navigations. Status: ok
[1660133312.661][INFO]: Waiting for pending navigations...
[1660133312.661][INFO]: Done waiting for pending navigations. Status: ok
[1660133312.661][INFO]: [6eaad4e66ba11d106c6c2c7a69b75506] RESPONSE FindElement ERROR no such element: Unable to locate element: {"method":"xpath","selector":"//*[contains(@class, 'input__control ')]"}
  (Session info: chrome=104.0.5112.81)
[1660133312.869][INFO]: [6eaad4e66ba11d106c6c2c7a69b75506] COMMAND FindElement {
   "using": "xpath",
   "value": "//*[contains(@class, 'input__control ')]"
}
[1660133312.869][INFO]: Waiting for pending navigations...
[1660133312.870][INFO]: Done waiting for pending navigations. Status: ok
[1660133312.876][INFO]: Waiting for pending navigations...
[1660133312.876][INFO]: Done waiting for pending navigations. Status: ok
[1660133312.876][INFO]: [6eaad4e66ba11d106c6c2c7a69b75506] RESPONSE FindElement ERROR no such element: Unable to locate element: {"method":"xpath","selector":"//*[contains(@class, 'input__control ')]"}
  (Session info: chrome=104.0.5112.81)
[1660133313.084][INFO]: [6eaad4e66ba11d106c6c2c7a69b75506] COMMAND FindElement {
   "using": "xpath",
   "value": "//*[contains(@class, 'input__control ')]"
}
[1660133313.084][INFO]: Waiting for pending navigations...
[1660133313.085][INFO]: Done waiting for pending navigations. Status: ok
[1660133313.090][INFO]: Waiting for pending navigations...
[1660133313.091][INFO]: Done waiting for pending navigations. Status: ok
[1660133313.091][INFO]: [6eaad4e66ba11d106c6c2c7a69b75506] RESPONSE FindElement ERROR no such element: Unable to locate element: {"method":"xpath","selector":"//*[contains(@class, 'input__control ')]"}
  (Session info: chrome=104.0.5112.81)
[1660133313.301][INFO]: [6eaad4e66ba11d106c6c2c7a69b75506] COMMAND FindElement {
   "using": "xpath",
   "value": "//*[contains(@class, 'input__control ')]"
}
[1660133313.301][INFO]: Waiting for pending navigations...
[1660133313.302][INFO]: Done waiting for pending navigations. Status: ok
[1660133313.311][INFO]: Waiting for pending navigations...
[1660133313.311][INFO]: Done waiting for pending navigations. Status: ok
[1660133313.311][INFO]: [6eaad4e66ba11d106c6c2c7a69b75506] RESPONSE FindElement ERROR no such element: Unable to locate element: {"method":"xpath","selector":"//*[contains(@class, 'input__control ')]"}
  (Session info: chrome=104.0.5112.81)
[1660133313.516][INFO]: [6eaad4e66ba11d106c6c2c7a69b75506] COMMAND FindElement {
   "using": "xpath",
   "value": "//*[contains(@class, 'input__control ')]"
}
[1660133313.516][INFO]: Waiting for pending navigations...
[1660133313.517][INFO]: Done waiting for pending navigations. Status: ok
[1660133313.523][INFO]: Waiting for pending navigations...
[1660133313.523][INFO]: Done waiting for pending navigations. Status: ok
[1660133313.523][INFO]: [6eaad4e66ba11d106c6c2c7a69b75506] RESPONSE FindElement ERROR no such element: Unable to locate element: {"method":"xpath","selector":"//*[contains(@class, 'input__control ')]"}
  (Session info: chrome=104.0.5112.81)
[1660133313.731][INFO]: [6eaad4e66ba11d106c6c2c7a69b75506] COMMAND FindElement {
   "using": "xpath",
   "value": "//*[contains(@class, 'input__control ')]"
}
[1660133313.731][INFO]: Waiting for pending navigations...
[1660133313.732][INFO]: Done waiting for pending navigations. Status: ok
[1660133313.738][INFO]: Waiting for pending navigations...
[1660133313.738][INFO]: Done waiting for pending navigations. Status: ok
[1660133313.738][INFO]: [6eaad4e66ba11d106c6c2c7a69b75506] RESPONSE FindElement ERROR no such element: Unable to locate element: {"method":"xpath","selector":"//*[contains(@class, 'input__control ')]"}
  (Session info: chrome=104.0.5112.81)
[1660133313.949][INFO]: [6eaad4e66ba11d106c6c2c7a69b75506] COMMAND FindElement {
   "using": "xpath",
   "value": "//*[contains(@class, 'input__control ')]"
}
[1660133313.949][INFO]: Waiting for pending navigations...
[1660133313.950][INFO]: Done waiting for pending navigations. Status: ok
[1660133313.955][INFO]: Waiting for pending navigations...
[1660133313.955][INFO]: Done waiting for pending navigations. Status: ok
[1660133313.955][INFO]: [6eaad4e66ba11d106c6c2c7a69b75506] RESPONSE FindElement ERROR no such element: Unable to locate element: {"method":"xpath","selector":"//*[contains(@class, 'input__control ')]"}
  (Session info: chrome=104.0.5112.81)
[1660133314.165][INFO]: [6eaad4e66ba11d106c6c2c7a69b75506] COMMAND FindElement {
   "using": "xpath",
   "value": "//*[contains(@class, 'input__control ')]"
}
[1660133314.165][INFO]: Waiting for pending navigations...
[1660133314.166][INFO]: Done waiting for pending navigations. Status: ok
[1660133314.170][INFO]: Waiting for pending navigations...
[1660133314.171][INFO]: Done waiting for pending navigations. Status: ok
[1660133314.171][INFO]: [6eaad4e66ba11d106c6c2c7a69b75506] RESPONSE FindElement ERROR no such element: Unable to locate element: {"method":"xpath","selector":"//*[contains(@class, 'input__control ')]"}
  (Session info: chrome=104.0.5112.81)
[1660133314.383][INFO]: [6eaad4e66ba11d106c6c2c7a69b75506] COMMAND FindElement {
   "using": "xpath",
   "value": "//*[contains(@class, 'input__control ')]"
}
[1660133314.383][INFO]: Waiting for pending navigations...
[1660133314.384][INFO]: Done waiting for pending navigations. Status: ok
[1660133314.389][INFO]: Waiting for pending navigations...
[1660133314.389][INFO]: Done waiting for pending navigations. Status: ok
[1660133314.390][INFO]: [6eaad4e66ba11d106c6c2c7a69b75506] RESPONSE FindElement ERROR no such element: Unable to locate element: {"method":"xpath","selector":"//*[contains(@class, 'input__control ')]"}
  (Session info: chrome=104.0.5112.81)
[1660133314.602][INFO]: [6eaad4e66ba11d106c6c2c7a69b75506] COMMAND FindElement {
   "using": "xpath",
   "value": "//*[contains(@class, 'input__control ')]"
}
[1660133314.602][INFO]: Waiting for pending navigations...
[1660133314.603][INFO]: Done waiting for pending navigations. Status: ok
[1660133314.621][INFO]: Waiting for pending navigations...
[1660133314.622][INFO]: Done waiting for pending navigations. Status: ok
[1660133314.622][INFO]: [6eaad4e66ba11d106c6c2c7a69b75506] RESPONSE FindElement ERROR no such element: Unable to locate element: {"method":"xpath","selector":"//*[contains(@class, 'input__control ')]"}
  (Session info: chrome=104.0.5112.81)
[1660133314.835][INFO]: [6eaad4e66ba11d106c6c2c7a69b75506] COMMAND FindElement {
   "using": "xpath",
   "value": "//*[contains(@class, 'input__control ')]"
}
[1660133314.835][INFO]: Waiting for pending navigations...
[1660133314.837][INFO]: Done waiting for pending navigations. Status: ok
[1660133314.841][INFO]: Waiting for pending navigations...
[1660133314.842][INFO]: Done waiting for pending navigations. Status: ok
[1660133314.842][INFO]: [6eaad4e66ba11d106c6c2c7a69b75506] RESPONSE FindElement ERROR no such element: Unable to locate element: {"method":"xpath","selector":"//*[contains(@class, 'input__control ')]"}
  (Session info: chrome=104.0.5112.81)
[1660133315.054][INFO]: [6eaad4e66ba11d106c6c2c7a69b75506] COMMAND FindElement {
   "using": "xpath",
   "value": "//*[contains(@class, 'input__control ')]"
}
[1660133315.054][INFO]: Waiting for pending navigations...
[1660133315.055][INFO]: Done waiting for pending navigations. Status: ok
[1660133315.060][INFO]: Waiting for pending navigations...
[1660133315.061][INFO]: Done waiting for pending navigations. Status: ok
[1660133315.061][INFO]: [6eaad4e66ba11d106c6c2c7a69b75506] RESPONSE FindElement ERROR no such element: Unable to locate element: {"method":"xpath","selector":"//*[contains(@class, 'input__control ')]"}
  (Session info: chrome=104.0.5112.81)
[1660133315.273][INFO]: [6eaad4e66ba11d106c6c2c7a69b75506] COMMAND FindElement {
   "using": "xpath",
   "value": "//*[contains(@class, 'input__control ')]"
}
[1660133315.273][INFO]: Waiting for pending navigations...
[1660133315.274][INFO]: Done waiting for pending navigations. Status: ok
[1660133315.280][INFO]: Waiting for pending navigations...
[1660133315.281][INFO]: Done waiting for pending navigations. Status: ok
[1660133315.281][INFO]: [6eaad4e66ba11d106c6c2c7a69b75506] RESPONSE FindElement ERROR no such element: Unable to locate element: {"method":"xpath","selector":"//*[contains(@class, 'input__control ')]"}
  (Session info: chrome=104.0.5112.81)
[1660133315.490][INFO]: [6eaad4e66ba11d106c6c2c7a69b75506] COMMAND FindElement {
   "using": "xpath",
   "value": "//*[contains(@class, 'input__control ')]"
}
[1660133315.490][INFO]: Waiting for pending navigations...
[1660133315.491][INFO]: Done waiting for pending navigations. Status: ok
[1660133315.496][INFO]: Waiting for pending navigations...
[1660133315.496][INFO]: Done waiting for pending navigations. Status: ok
[1660133315.496][INFO]: [6eaad4e66ba11d106c6c2c7a69b75506] RESPONSE FindElement ERROR no such element: Unable to locate element: {"method":"xpath","selector":"//*[contains(@class, 'input__control ')]"}
  (Session info: chrome=104.0.5112.81)
[1660133315.711][INFO]: [6eaad4e66ba11d106c6c2c7a69b75506] COMMAND FindElement {
   "using": "xpath",
   "value": "//*[contains(@class, 'input__control ')]"
}
[1660133315.711][INFO]: Waiting for pending navigations...
[1660133315.712][INFO]: Done waiting for pending navigations. Status: ok
[1660133315.717][INFO]: Waiting for pending navigations...
[1660133315.718][INFO]: Done waiting for pending navigations. Status: ok
[1660133315.718][INFO]: [6eaad4e66ba11d106c6c2c7a69b75506] RESPONSE FindElement ERROR no such element: Unable to locate element: {"method":"xpath","selector":"//*[contains(@class, 'input__control ')]"}
  (Session info: chrome=104.0.5112.81)
[1660133315.935][INFO]: [6eaad4e66ba11d106c6c2c7a69b75506] COMMAND ExecuteScript {
   "args": [  ],
   "script": "var source = document.documentElement.outerHTML; \nif (!source) { source = new XMLSerializer().serializeToString(document); }\nreturn source;"
}
[1660133315.935][INFO]: Waiting for pending navigations...
[1660133315.936][INFO]: Done waiting for pending navigations. Status: ok
[1660133316.088][INFO]: Waiting for pending navigations...
[1660133316.089][INFO]: Done waiting for pending navigations. Status: ok
[1660133316.091][INFO]: [6eaad4e66ba11d106c6c2c7a69b75506] RESPONSE ExecuteScript "\u003Chtml class=\"i-ua_js_yes i-ua_css_standart i-ua_browser_chrome i-ua_browser-engine_webkit i-ua_browser_desktop document document_infinity-zen-loading_yes document_search2021-2_yes document_iframe-a..."
[1660133316.358][INFO]: [6eaad4e66ba11d106c6c2c7a69b75506] COMMAND Screenshot {
}
[1660133316.358][INFO]: Waiting for pending navigations...
[1660133316.359][INFO]: Done waiting for pending navigations. Status: ok
[1660133316.551][INFO]: Waiting for pending navigations...
[1660133316.552][INFO]: Done waiting for pending navigations. Status: ok
[1660133316.552][INFO]: [6eaad4e66ba11d106c6c2c7a69b75506] RESPONSE Screenshot "iVBORw0KGgoAAAANSUhEUgAAB4AAAAOkCAYAAABH0Cn1AAAAAXNSR0IArs4c6QAAIABJREFUeJzs3Xd4W/W9P/D3kWTZkmc8453p7EUGoQHSNIwQuJASyihlpIVCe1sol0sp90dbRlsolALtvVAIsyVllACFlJLSkDJSnJiA45DYGTh4L9mRJWtL5/z+kM+xtmVZk..."
[1660133316.620][INFO]: [6eaad4e66ba11d106c6c2c7a69b75506] COMMAND Screenshot {
}
[1660133316.620][INFO]: Waiting for pending navigations...
[1660133316.622][INFO]: Done waiting for pending navigations. Status: ok
[1660133316.853][INFO]: Waiting for pending navigations...
[1660133316.859][INFO]: Done waiting for pending navigations. Status: ok
[1660133316.859][INFO]: [6eaad4e66ba11d106c6c2c7a69b75506] RESPONSE Screenshot "iVBORw0KGgoAAAANSUhEUgAAB4AAAAOkCAYAAABH0Cn1AAAAAXNSR0IArs4c6QAAIABJREFUeJzs3Xd4W/W9P/D3kWTZkmc8453p7EUGoQHSNIwQuJASyihlpIVCe1sol0sp90dbRlsolALtvVAIsyVllACFlJLSkDJSnJiA45DYGTh4L9mRJWtL5/z+kM+xtmVZk..."
[1660133316.908][INFO]: [6eaad4e66ba11d106c6c2c7a69b75506] COMMAND ExecuteScript {
   "args": [  ],
   "script": "var source = document.documentElement.outerHTML; \nif (!source) { source = new XMLSerializer().serializeToString(document); }\nreturn source;"
}
[1660133316.908][INFO]: Waiting for pending navigations...
[1660133316.909][INFO]: Done waiting for pending navigations. Status: ok
[1660133317.070][INFO]: Waiting for pending navigations...
[1660133317.076][INFO]: Done waiting for pending navigations. Status: ok
[1660133317.077][INFO]: [6eaad4e66ba11d106c6c2c7a69b75506] RESPONSE ExecuteScript "\u003Chtml class=\"i-ua_js_yes i-ua_css_standart i-ua_browser_chrome i-ua_browser-engine_webkit i-ua_browser_desktop document document_infinity-zen-loading_yes document_search2021-2_yes document_iframe-a..."
[1660133317.426][INFO]: [6eaad4e66ba11d106c6c2c7a69b75506] COMMAND Quit {
}
[1660133317.472][INFO]: [6eaad4e66ba11d106c6c2c7a69b75506] RESPONSE Quit
