[1665407319.309][INFO]: Starting ChromeDriver 104.0.5112.79 (3cf3e8c8a07d104b9e1260c910efb8f383285dc5-refs/branch-heads/5112@{#1307}) on port 38203
[1665407319.309][INFO]: Please see https://chromedriver.chromium.org/security-considerations for suggestions on keeping ChromeDriver safe.
[1665407319.505][INFO]: [a2cf2e0381189c19120f871600859f0a] COMMAND InitSession {
   "capabilities": {
      "firstMatch": [ {
         "acceptInsecureCerts": true,
         "browserName": "chrome",
         "goog:chromeOptions": {
            "args": [ "--proxy-bypass-list=\u003C-loopback>", "--disable-dev-shm-usage", "--no-sandbox" ],
            "excludeSwitches": [ "enable-automation", "load-extension" ],
            "extensions": [  ],
            "prefs": {
               "credentials_enable_service": false,
               "download.default_directory": "C:\\Users\\neuro\\IdeaProjects\\AutottestsSample\\build\\downloads\\1665407319153_16684_1",
               "plugins.always_open_pdf_externally": true
            }
         },
         "pageLoadStrategy": "normal"
      } ]
   },
   "desiredCapabilities": {
      "acceptInsecureCerts": true,
      "acceptSslCerts": true,
      "browserName": "chrome",
      "goog:chromeOptions": {
         "args": [ "--proxy-bypass-list=\u003C-loopback>", "--disable-dev-shm-usage", "--no-sandbox" ],
         "excludeSwitches": [ "enable-automation", "load-extension" ],
         "extensions": [  ],
         "prefs": {
            "credentials_enable_service": false,
            "download.default_directory": "C:\\Users\\neuro\\IdeaProjects\\AutottestsSample\\build\\downloads\\1665407319153_16684_1",
            "plugins.always_open_pdf_externally": true
         }
      },
      "handlesAlerts": true,
      "javascriptEnabled": true,
      "pageLoadStrategy": "normal",
      "takesScreenshot": true
   }
}
[1665407319.509][INFO]: Populating Preferences file: {
   "alternate_error_pages": {
      "enabled": false
   },
   "autofill": {
      "enabled": false
   },
   "browser": {
      "check_default_browser": false
   },
   "credentials_enable_service": false,
   "distribution": {
      "import_bookmarks": false,
      "import_history": false,
      "import_search_engine": false,
      "make_chrome_default_for_user": false,
      "skip_first_run_ui": true
   },
   "dns_prefetching": {
      "enabled": false
   },
   "download": {
      "default_directory": "C:\\Users\\neuro\\IdeaProjects\\AutottestsSample\\build\\downloads\\1665407319153_16684_1"
   },
   "plugins": {
      "always_open_pdf_externally": true
   },
   "profile": {
      "content_settings": {
         "pattern_pairs": {
            "https://*,*": {
               "media-stream": {
                  "audio": "Default",
                  "video": "Default"
               }
            }
         }
      },
      "default_content_setting_values": {
         "geolocation": 1
      },
      "default_content_settings": {
         "geolocation": 1,
         "mouselock": 1,
         "notifications": 1,
         "popups": 1,
         "ppapi-broker": 1
      },
      "password_manager_enabled": false
   },
   "safebrowsing": {
      "enabled": false
   },
   "search": {
      "suggest_enabled": false
   },
   "translate": {
      "enabled": false
   }
}
[1665407319.509][INFO]: Populating Local State file: {
   "background_mode": {
      "enabled": false
   },
   "ssl": {
      "rev_checking": {
         "enabled": false
      }
   }
}
[1665407319.513][INFO]: Launching chrome: "C:\Program Files\Google\Chrome\Application\chrome.exe" --allow-pre-commit-input --disable-background-networking --disable-backgrounding-occluded-windows --disable-client-side-phishing-detection --disable-default-apps --disable-dev-shm-usage --disable-hang-monitor --disable-popup-blocking --disable-prompt-on-repost --disable-sync --enable-blink-features=ShadowDOMV0 --enable-logging --ignore-certificate-errors --log-level=0 --no-first-run --no-sandbox --no-service-autorun --password-store=basic --proxy-bypass-list=<-loopback> --remote-debugging-port=0 --test-type=webdriver --use-mock-keychain --user-data-dir="C:\Users\neuro\AppData\Local\Temp\scoped_dir3432_2125635947" data:,
[1665407320.213][WARNING]: This version of ChromeDriver has not been tested with Chrome version 105.
[1665407320.218][INFO]: resolved localhost to ["::1","127.0.0.1"]
[1665407320.221][INFO]: resolved localhost to ["::1","127.0.0.1"]
[1665407320.228][INFO]: [a2cf2e0381189c19120f871600859f0a] RESPONSE InitSession {
   "capabilities": {
      "acceptInsecureCerts": true,
      "browserName": "chrome",
      "browserVersion": "105.0.5195.127",
      "chrome": {
         "chromedriverVersion": "104.0.5112.79 (3cf3e8c8a07d104b9e1260c910efb8f383285dc5-refs/branch-heads/5112@{#1307})",
         "userDataDir": "C:\\Users\\neuro\\AppData\\Local\\Temp\\scoped_dir3432_2125635947"
      },
      "goog:chromeOptions": {
         "debuggerAddress": "localhost:56082"
      },
      "networkConnectionEnabled": false,
      "pageLoadStrategy": "normal",
      "platformName": "windows",
      "proxy": {
      },
      "setWindowRect": true,
      "strictFileInteractability": false,
      "timeouts": {
         "implicit": 0,
         "pageLoad": 300000,
         "script": 30000
      },
      "unhandledPromptBehavior": "dismiss and notify",
      "webauthn:extension:credBlob": true,
      "webauthn:extension:largeBlob": true,
      "webauthn:virtualAuthenticators": true
   },
   "sessionId": "a2cf2e0381189c19120f871600859f0a"
}
[1665407320.281][INFO]: [a2cf2e0381189c19120f871600859f0a] COMMAND MaximizeWindow {
}
[1665407320.282][INFO]: Waiting for pending navigations...
[1665407320.284][INFO]: Done waiting for pending navigations. Status: ok
[1665407320.400][INFO]: Waiting for pending navigations...
[1665407320.400][INFO]: Done waiting for pending navigations. Status: ok
[1665407320.400][INFO]: [a2cf2e0381189c19120f871600859f0a] RESPONSE MaximizeWindow {
   "height": 832,
   "width": 1552,
   "x": -8,
   "y": -8
}
[1665407320.407][INFO]: [a2cf2e0381189c19120f871600859f0a] COMMAND SetTimeouts {
   "pageLoad": 30000
}
[1665407320.407][INFO]: [a2cf2e0381189c19120f871600859f0a] RESPONSE SetTimeouts
[1665407320.421][INFO]: [a2cf2e0381189c19120f871600859f0a] COMMAND Navigate {
   "url": "https://yandex.ru"
}
[1665407320.421][INFO]: Waiting for pending navigations...
[1665407320.423][INFO]: Done waiting for pending navigations. Status: ok
[1665407320.815][INFO]: Waiting for pending navigations...
[1665407322.917][INFO]: Done waiting for pending navigations. Status: ok
[1665407322.918][INFO]: [a2cf2e0381189c19120f871600859f0a] RESPONSE Navigate
[1665407322.952][INFO]: [a2cf2e0381189c19120f871600859f0a] COMMAND FindElement {
   "using": "xpath",
   "value": "//*[contains(@class, 'input__control ')]"
}
[1665407322.952][INFO]: Waiting for pending navigations...
[1665407322.953][INFO]: Done waiting for pending navigations. Status: ok
[1665407322.962][INFO]: Waiting for pending navigations...
[1665407322.963][INFO]: Done waiting for pending navigations. Status: ok
[1665407322.963][INFO]: [a2cf2e0381189c19120f871600859f0a] RESPONSE FindElement ERROR no such element: Unable to locate element: {"method":"xpath","selector":"//*[contains(@class, 'input__control ')]"}
  (Session info: chrome=105.0.5195.127)
[1665407323.183][INFO]: [a2cf2e0381189c19120f871600859f0a] COMMAND FindElement {
   "using": "xpath",
   "value": "//*[contains(@class, 'input__control ')]"
}
[1665407323.183][INFO]: Waiting for pending navigations...
[1665407323.252][INFO]: Done waiting for pending navigations. Status: ok
[1665407323.258][INFO]: Waiting for pending navigations...
[1665407323.260][INFO]: Done waiting for pending navigations. Status: ok
[1665407323.260][INFO]: [a2cf2e0381189c19120f871600859f0a] RESPONSE FindElement ERROR no such element: Unable to locate element: {"method":"xpath","selector":"//*[contains(@class, 'input__control ')]"}
  (Session info: chrome=105.0.5195.127)
[1665407323.478][INFO]: [a2cf2e0381189c19120f871600859f0a] COMMAND FindElement {
   "using": "xpath",
   "value": "//*[contains(@class, 'input__control ')]"
}
[1665407323.478][INFO]: Waiting for pending navigations...
[1665407323.478][INFO]: Done waiting for pending navigations. Status: ok
[1665407323.486][INFO]: Waiting for pending navigations...
[1665407323.486][INFO]: Done waiting for pending navigations. Status: ok
[1665407323.486][INFO]: [a2cf2e0381189c19120f871600859f0a] RESPONSE FindElement ERROR no such element: Unable to locate element: {"method":"xpath","selector":"//*[contains(@class, 'input__control ')]"}
  (Session info: chrome=105.0.5195.127)
[1665407323.693][INFO]: [a2cf2e0381189c19120f871600859f0a] COMMAND FindElement {
   "using": "xpath",
   "value": "//*[contains(@class, 'input__control ')]"
}
[1665407323.693][INFO]: Waiting for pending navigations...
[1665407323.694][INFO]: Done waiting for pending navigations. Status: ok
[1665407323.699][INFO]: Waiting for pending navigations...
[1665407323.700][INFO]: Done waiting for pending navigations. Status: ok
[1665407323.700][INFO]: [a2cf2e0381189c19120f871600859f0a] RESPONSE FindElement ERROR no such element: Unable to locate element: {"method":"xpath","selector":"//*[contains(@class, 'input__control ')]"}
  (Session info: chrome=105.0.5195.127)
[1665407323.908][INFO]: [a2cf2e0381189c19120f871600859f0a] COMMAND FindElement {
   "using": "xpath",
   "value": "//*[contains(@class, 'input__control ')]"
}
[1665407323.908][INFO]: Waiting for pending navigations...
[1665407323.909][INFO]: Done waiting for pending navigations. Status: ok
[1665407323.914][INFO]: Waiting for pending navigations...
[1665407323.914][INFO]: Done waiting for pending navigations. Status: ok
[1665407323.914][INFO]: [a2cf2e0381189c19120f871600859f0a] RESPONSE FindElement ERROR no such element: Unable to locate element: {"method":"xpath","selector":"//*[contains(@class, 'input__control ')]"}
  (Session info: chrome=105.0.5195.127)
[1665407324.128][INFO]: [a2cf2e0381189c19120f871600859f0a] COMMAND FindElement {
   "using": "xpath",
   "value": "//*[contains(@class, 'input__control ')]"
}
[1665407324.128][INFO]: Waiting for pending navigations...
[1665407324.128][INFO]: Done waiting for pending navigations. Status: ok
[1665407324.136][INFO]: Waiting for pending navigations...
[1665407324.136][INFO]: Done waiting for pending navigations. Status: ok
[1665407324.137][INFO]: [a2cf2e0381189c19120f871600859f0a] RESPONSE FindElement ERROR no such element: Unable to locate element: {"method":"xpath","selector":"//*[contains(@class, 'input__control ')]"}
  (Session info: chrome=105.0.5195.127)
[1665407324.348][INFO]: [a2cf2e0381189c19120f871600859f0a] COMMAND FindElement {
   "using": "xpath",
   "value": "//*[contains(@class, 'input__control ')]"
}
[1665407324.348][INFO]: Waiting for pending navigations...
[1665407324.349][INFO]: Done waiting for pending navigations. Status: ok
[1665407324.354][INFO]: Waiting for pending navigations...
[1665407324.355][INFO]: Done waiting for pending navigations. Status: ok
[1665407324.355][INFO]: [a2cf2e0381189c19120f871600859f0a] RESPONSE FindElement ERROR no such element: Unable to locate element: {"method":"xpath","selector":"//*[contains(@class, 'input__control ')]"}
  (Session info: chrome=105.0.5195.127)
[1665407324.564][INFO]: [a2cf2e0381189c19120f871600859f0a] COMMAND FindElement {
   "using": "xpath",
   "value": "//*[contains(@class, 'input__control ')]"
}
[1665407324.564][INFO]: Waiting for pending navigations...
[1665407324.565][INFO]: Done waiting for pending navigations. Status: ok
[1665407324.570][INFO]: Waiting for pending navigations...
[1665407324.571][INFO]: Done waiting for pending navigations. Status: ok
[1665407324.571][INFO]: [a2cf2e0381189c19120f871600859f0a] RESPONSE FindElement ERROR no such element: Unable to locate element: {"method":"xpath","selector":"//*[contains(@class, 'input__control ')]"}
  (Session info: chrome=105.0.5195.127)
[1665407324.782][INFO]: [a2cf2e0381189c19120f871600859f0a] COMMAND FindElement {
   "using": "xpath",
   "value": "//*[contains(@class, 'input__control ')]"
}
[1665407324.782][INFO]: Waiting for pending navigations...
[1665407324.783][INFO]: Done waiting for pending navigations. Status: ok
[1665407324.787][INFO]: Waiting for pending navigations...
[1665407324.788][INFO]: Done waiting for pending navigations. Status: ok
[1665407324.788][INFO]: [a2cf2e0381189c19120f871600859f0a] RESPONSE FindElement ERROR no such element: Unable to locate element: {"method":"xpath","selector":"//*[contains(@class, 'input__control ')]"}
  (Session info: chrome=105.0.5195.127)
[1665407325.000][INFO]: [a2cf2e0381189c19120f871600859f0a] COMMAND FindElement {
   "using": "xpath",
   "value": "//*[contains(@class, 'input__control ')]"
}
[1665407325.000][INFO]: Waiting for pending navigations...
[1665407325.001][INFO]: Done waiting for pending navigations. Status: ok
[1665407325.006][INFO]: Waiting for pending navigations...
[1665407325.007][INFO]: Done waiting for pending navigations. Status: ok
[1665407325.007][INFO]: [a2cf2e0381189c19120f871600859f0a] RESPONSE FindElement ERROR no such element: Unable to locate element: {"method":"xpath","selector":"//*[contains(@class, 'input__control ')]"}
  (Session info: chrome=105.0.5195.127)
[1665407325.218][INFO]: [a2cf2e0381189c19120f871600859f0a] COMMAND FindElement {
   "using": "xpath",
   "value": "//*[contains(@class, 'input__control ')]"
}
[1665407325.218][INFO]: Waiting for pending navigations...
[1665407325.219][INFO]: Done waiting for pending navigations. Status: ok
[1665407325.224][INFO]: Waiting for pending navigations...
[1665407325.227][INFO]: Done waiting for pending navigations. Status: ok
[1665407325.227][INFO]: [a2cf2e0381189c19120f871600859f0a] RESPONSE FindElement ERROR no such element: Unable to locate element: {"method":"xpath","selector":"//*[contains(@class, 'input__control ')]"}
  (Session info: chrome=105.0.5195.127)
[1665407325.436][INFO]: [a2cf2e0381189c19120f871600859f0a] COMMAND FindElement {
   "using": "xpath",
   "value": "//*[contains(@class, 'input__control ')]"
}
[1665407325.436][INFO]: Waiting for pending navigations...
[1665407325.437][INFO]: Done waiting for pending navigations. Status: ok
[1665407325.444][INFO]: Waiting for pending navigations...
[1665407325.444][INFO]: Done waiting for pending navigations. Status: ok
[1665407325.444][INFO]: [a2cf2e0381189c19120f871600859f0a] RESPONSE FindElement ERROR no such element: Unable to locate element: {"method":"xpath","selector":"//*[contains(@class, 'input__control ')]"}
  (Session info: chrome=105.0.5195.127)
[1665407325.653][INFO]: [a2cf2e0381189c19120f871600859f0a] COMMAND FindElement {
   "using": "xpath",
   "value": "//*[contains(@class, 'input__control ')]"
}
[1665407325.653][INFO]: Waiting for pending navigations...
[1665407325.659][INFO]: Done waiting for pending navigations. Status: ok
[1665407325.663][INFO]: Waiting for pending navigations...
[1665407325.663][INFO]: Done waiting for pending navigations. Status: ok
[1665407325.663][INFO]: [a2cf2e0381189c19120f871600859f0a] RESPONSE FindElement ERROR no such element: Unable to locate element: {"method":"xpath","selector":"//*[contains(@class, 'input__control ')]"}
  (Session info: chrome=105.0.5195.127)
[1665407325.874][INFO]: [a2cf2e0381189c19120f871600859f0a] COMMAND FindElement {
   "using": "xpath",
   "value": "//*[contains(@class, 'input__control ')]"
}
[1665407325.874][INFO]: Waiting for pending navigations...
[1665407325.876][INFO]: Done waiting for pending navigations. Status: ok
[1665407325.881][INFO]: Waiting for pending navigations...
[1665407325.881][INFO]: Done waiting for pending navigations. Status: ok
[1665407325.881][INFO]: [a2cf2e0381189c19120f871600859f0a] RESPONSE FindElement ERROR no such element: Unable to locate element: {"method":"xpath","selector":"//*[contains(@class, 'input__control ')]"}
  (Session info: chrome=105.0.5195.127)
[1665407326.096][INFO]: [a2cf2e0381189c19120f871600859f0a] COMMAND FindElement {
   "using": "xpath",
   "value": "//*[contains(@class, 'input__control ')]"
}
[1665407326.096][INFO]: Waiting for pending navigations...
[1665407326.097][INFO]: Done waiting for pending navigations. Status: ok
[1665407326.101][INFO]: Waiting for pending navigations...
[1665407326.102][INFO]: Done waiting for pending navigations. Status: ok
[1665407326.102][INFO]: [a2cf2e0381189c19120f871600859f0a] RESPONSE FindElement ERROR no such element: Unable to locate element: {"method":"xpath","selector":"//*[contains(@class, 'input__control ')]"}
  (Session info: chrome=105.0.5195.127)
[1665407326.317][INFO]: [a2cf2e0381189c19120f871600859f0a] COMMAND FindElement {
   "using": "xpath",
   "value": "//*[contains(@class, 'input__control ')]"
}
[1665407326.317][INFO]: Waiting for pending navigations...
[1665407326.318][INFO]: Done waiting for pending navigations. Status: ok
[1665407326.323][INFO]: Waiting for pending navigations...
[1665407326.323][INFO]: Done waiting for pending navigations. Status: ok
[1665407326.323][INFO]: [a2cf2e0381189c19120f871600859f0a] RESPONSE FindElement ERROR no such element: Unable to locate element: {"method":"xpath","selector":"//*[contains(@class, 'input__control ')]"}
  (Session info: chrome=105.0.5195.127)
[1665407326.538][INFO]: [a2cf2e0381189c19120f871600859f0a] COMMAND FindElement {
   "using": "xpath",
   "value": "//*[contains(@class, 'input__control ')]"
}
[1665407326.538][INFO]: Waiting for pending navigations...
[1665407326.539][INFO]: Done waiting for pending navigations. Status: ok
[1665407326.545][INFO]: Waiting for pending navigations...
[1665407326.546][INFO]: Done waiting for pending navigations. Status: ok
[1665407326.546][INFO]: [a2cf2e0381189c19120f871600859f0a] RESPONSE FindElement ERROR no such element: Unable to locate element: {"method":"xpath","selector":"//*[contains(@class, 'input__control ')]"}
  (Session info: chrome=105.0.5195.127)
[1665407326.759][INFO]: [a2cf2e0381189c19120f871600859f0a] COMMAND FindElement {
   "using": "xpath",
   "value": "//*[contains(@class, 'input__control ')]"
}
[1665407326.759][INFO]: Waiting for pending navigations...
[1665407326.760][INFO]: Done waiting for pending navigations. Status: ok
[1665407326.766][INFO]: Waiting for pending navigations...
[1665407326.766][INFO]: Done waiting for pending navigations. Status: ok
[1665407326.767][INFO]: [a2cf2e0381189c19120f871600859f0a] RESPONSE FindElement ERROR no such element: Unable to locate element: {"method":"xpath","selector":"//*[contains(@class, 'input__control ')]"}
  (Session info: chrome=105.0.5195.127)
[1665407326.983][INFO]: [a2cf2e0381189c19120f871600859f0a] COMMAND ExecuteScript {
   "args": [  ],
   "script": "var source = document.documentElement.outerHTML; \nif (!source) { source = new XMLSerializer().serializeToString(document); }\nreturn source;"
}
[1665407326.983][INFO]: Waiting for pending navigations...
[1665407326.984][INFO]: Done waiting for pending navigations. Status: ok
[1665407327.172][INFO]: Waiting for pending navigations...
[1665407327.173][INFO]: Done waiting for pending navigations. Status: ok
[1665407327.174][INFO]: [a2cf2e0381189c19120f871600859f0a] RESPONSE ExecuteScript "\u003Chtml class=\"zen-page _browser-name_chrome _browser-base_chromium _theme_white fonts-loaded\" style=\"\">\u003Chead>\n                \n        \u003Cmeta charset=\"utf-8\">\n        \u003Ctitle>Дзен\u003C/title>\n        ..."
[1665407327.445][INFO]: [a2cf2e0381189c19120f871600859f0a] COMMAND Screenshot {
}
[1665407327.445][INFO]: Waiting for pending navigations...
[1665407327.446][INFO]: Done waiting for pending navigations. Status: ok
[1665407327.676][INFO]: Waiting for pending navigations...
[1665407327.677][INFO]: Done waiting for pending navigations. Status: ok
[1665407327.677][INFO]: [a2cf2e0381189c19120f871600859f0a] RESPONSE Screenshot "iVBORw0KGgoAAAANSUhEUgAAB4AAAAOkCAYAAABH0Cn1AAAAAXNSR0IArs4c6QAAIABJREFUeJzs3Xl4U2Xe//F3lrZJN7qytOybiCCgICAuCCJuo+LC4rgi8+i4jo4zrs/4m2dWZ3HGfR0RdWTRcVdGBUVFBUEWFwSKQAstFOjeJm2a5Pz+iAlNm7ZpmzYt/byuK..."
[1665407327.736][INFO]: [a2cf2e0381189c19120f871600859f0a] COMMAND Screenshot {
}
[1665407327.736][INFO]: Waiting for pending navigations...
[1665407327.737][INFO]: Done waiting for pending navigations. Status: ok
[1665407327.961][INFO]: Waiting for pending navigations...
[1665407327.962][INFO]: Done waiting for pending navigations. Status: ok
[1665407327.962][INFO]: [a2cf2e0381189c19120f871600859f0a] RESPONSE Screenshot "iVBORw0KGgoAAAANSUhEUgAAB4AAAAOkCAYAAABH0Cn1AAAAAXNSR0IArs4c6QAAIABJREFUeJzs3Xl4U2Xe//F3lrZJN7qytOybiCCgICAuCCJuo+LC4rgi8+i4jo4zrs/4m2dWZ3HGfR0RdWTRcVdGBUVFBUEWFwSKQAstFOjeJm2a5Pz+iAlNm7ZpmzYt/byuK..."
[1665407328.016][INFO]: [a2cf2e0381189c19120f871600859f0a] COMMAND ExecuteScript {
   "args": [  ],
   "script": "var source = document.documentElement.outerHTML; \nif (!source) { source = new XMLSerializer().serializeToString(document); }\nreturn source;"
}
[1665407328.016][INFO]: Waiting for pending navigations...
[1665407328.017][INFO]: Done waiting for pending navigations. Status: ok
[1665407328.167][INFO]: Waiting for pending navigations...
[1665407328.168][INFO]: Done waiting for pending navigations. Status: ok
[1665407328.169][INFO]: [a2cf2e0381189c19120f871600859f0a] RESPONSE ExecuteScript "\u003Chtml class=\"zen-page _browser-name_chrome _browser-base_chromium _theme_white fonts-loaded\" style=\"\">\u003Chead>\n                \n        \u003Cmeta charset=\"utf-8\">\n        \u003Ctitle>Дзен\u003C/title>\n        ..."
[1665407328.505][INFO]: [a2cf2e0381189c19120f871600859f0a] COMMAND Quit {
}
[1665407328.552][INFO]: [a2cf2e0381189c19120f871600859f0a] RESPONSE Quit
