[1640116640.095][INFO]: Starting ChromeDriver 95.0.4638.69 (6a1600ed572fedecd573b6c2b90a22fe6392a410-refs/branch-heads/4638@{#984}) on port 7953
[1640116640.095][INFO]: Please see https://chromedriver.chromium.org/security-considerations for suggestions on keeping ChromeDriver safe.
[1640116640.846][INFO]: [6c56d7297370c6d4a29f8e7a23c79c7b] COMMAND InitSession {
   "capabilities": {
      "firstMatch": [ {
         "acceptInsecureCerts": true,
         "browserName": "chrome",
         "goog:chromeOptions": {
            "args": [ "--proxy-bypass-list=\u003C-loopback>", "--disable-dev-shm-usage", "--no-sandbox" ],
            "excludeSwitches": [ "enable-automation", "load-extension" ],
            "extensions": [  ],
            "prefs": {
               "credentials_enable_service": false,
               "download.default_directory": "C:\\IDEAProjects\\Sample\\build\\downloads\\1640116639860_21144_1",
               "plugins.always_open_pdf_externally": true
            }
         },
         "pageLoadStrategy": "normal"
      } ]
   },
   "desiredCapabilities": {
      "acceptInsecureCerts": true,
      "acceptSslCerts": true,
      "browserName": "chrome",
      "goog:chromeOptions": {
         "args": [ "--proxy-bypass-list=\u003C-loopback>", "--disable-dev-shm-usage", "--no-sandbox" ],
         "excludeSwitches": [ "enable-automation", "load-extension" ],
         "extensions": [  ],
         "prefs": {
            "credentials_enable_service": false,
            "download.default_directory": "C:\\IDEAProjects\\Sample\\build\\downloads\\1640116639860_21144_1",
            "plugins.always_open_pdf_externally": true
         }
      },
      "handlesAlerts": true,
      "javascriptEnabled": true,
      "pageLoadStrategy": "normal",
      "takesScreenshot": true
   }
}
[1640116640.851][INFO]: Populating Preferences file: {
   "alternate_error_pages": {
      "enabled": false
   },
   "autofill": {
      "enabled": false
   },
   "browser": {
      "check_default_browser": false
   },
   "credentials_enable_service": false,
   "distribution": {
      "import_bookmarks": false,
      "import_history": false,
      "import_search_engine": false,
      "make_chrome_default_for_user": false,
      "skip_first_run_ui": true
   },
   "dns_prefetching": {
      "enabled": false
   },
   "download": {
      "default_directory": "C:\\IDEAProjects\\Sample\\build\\downloads\\1640116639860_21144_1"
   },
   "plugins": {
      "always_open_pdf_externally": true
   },
   "profile": {
      "content_settings": {
         "pattern_pairs": {
            "https://*,*": {
               "media-stream": {
                  "audio": "Default",
                  "video": "Default"
               }
            }
         }
      },
      "default_content_setting_values": {
         "geolocation": 1
      },
      "default_content_settings": {
         "geolocation": 1,
         "mouselock": 1,
         "notifications": 1,
         "popups": 1,
         "ppapi-broker": 1
      },
      "password_manager_enabled": false
   },
   "safebrowsing": {
      "enabled": false
   },
   "search": {
      "suggest_enabled": false
   },
   "translate": {
      "enabled": false
   }
}
[1640116640.852][INFO]: Populating Local State file: {
   "background_mode": {
      "enabled": false
   },
   "ssl": {
      "rev_checking": {
         "enabled": false
      }
   }
}
[1640116640.855][INFO]: Launching chrome: "C:\Program Files (x86)\Google\Chrome\Application\chrome.exe" --allow-pre-commit-input --disable-background-networking --disable-backgrounding-occluded-windows --disable-client-side-phishing-detection --disable-default-apps --disable-dev-shm-usage --disable-hang-monitor --disable-popup-blocking --disable-prompt-on-repost --disable-sync --enable-blink-features=ShadowDOMV0 --enable-logging --ignore-certificate-errors --log-level=0 --no-first-run --no-sandbox --no-service-autorun --password-store=basic --proxy-bypass-list=<-loopback> --remote-debugging-port=0 --test-type=webdriver --use-mock-keychain --user-data-dir="C:\Users\D899~1\AppData\Local\Temp\scoped_dir4844_353162027" data:,
[1640116641.544][WARNING]: This version of ChromeDriver has not been tested with Chrome version 96.
[1640116641.550][INFO]: resolved localhost to ["::1","127.0.0.1"]
[1640116641.552][INFO]: resolved localhost to ["::1","127.0.0.1"]
[1640116641.557][INFO]: [6c56d7297370c6d4a29f8e7a23c79c7b] RESPONSE InitSession {
   "capabilities": {
      "acceptInsecureCerts": true,
      "browserName": "chrome",
      "browserVersion": "96.0.4664.110",
      "chrome": {
         "chromedriverVersion": "95.0.4638.69 (6a1600ed572fedecd573b6c2b90a22fe6392a410-refs/branch-heads/4638@{#984})",
         "userDataDir": "C:\\Users\\D899~1\\AppData\\Local\\Temp\\scoped_dir4844_353162027"
      },
      "goog:chromeOptions": {
         "debuggerAddress": "localhost:13744"
      },
      "networkConnectionEnabled": false,
      "pageLoadStrategy": "normal",
      "platformName": "windows",
      "proxy": {

      },
      "setWindowRect": true,
      "strictFileInteractability": false,
      "timeouts": {
         "implicit": 0,
         "pageLoad": 300000,
         "script": 30000
      },
      "unhandledPromptBehavior": "dismiss and notify",
      "webauthn:extension:credBlob": true,
      "webauthn:extension:largeBlob": true,
      "webauthn:virtualAuthenticators": true
   },
   "sessionId": "6c56d7297370c6d4a29f8e7a23c79c7b"
}
[1640116641.607][INFO]: [6c56d7297370c6d4a29f8e7a23c79c7b] COMMAND MaximizeWindow {

}
[1640116641.607][INFO]: Waiting for pending navigations...
[1640116641.609][INFO]: Done waiting for pending navigations. Status: ok
[1640116641.729][INFO]: Waiting for pending navigations...
[1640116641.729][INFO]: Done waiting for pending navigations. Status: ok
[1640116641.729][INFO]: [6c56d7297370c6d4a29f8e7a23c79c7b] RESPONSE MaximizeWindow {
   "height": 1056,
   "width": 1936,
   "x": -8,
   "y": -8
}
[1640116641.747][INFO]: [6c56d7297370c6d4a29f8e7a23c79c7b] COMMAND SetTimeouts {
   "pageLoad": 30000
}
[1640116641.747][INFO]: [6c56d7297370c6d4a29f8e7a23c79c7b] RESPONSE SetTimeouts
[1640116641.780][INFO]: [6c56d7297370c6d4a29f8e7a23c79c7b] COMMAND Navigate {
   "url": "https://google.com"
}
[1640116641.780][INFO]: Waiting for pending navigations...
[1640116641.781][INFO]: Done waiting for pending navigations. Status: ok
[1640116642.677][INFO]: Waiting for pending navigations...
[1640116647.143][INFO]: Done waiting for pending navigations. Status: ok
[1640116647.143][INFO]: [6c56d7297370c6d4a29f8e7a23c79c7b] RESPONSE Navigate
[1640116647.283][INFO]: [6c56d7297370c6d4a29f8e7a23c79c7b] COMMAND Quit {

}
[1640116647.354][INFO]: [6c56d7297370c6d4a29f8e7a23c79c7b] RESPONSE Quit
