[1665409571.142][INFO]: Starting ChromeDriver 104.0.5112.79 (3cf3e8c8a07d104b9e1260c910efb8f383285dc5-refs/branch-heads/5112@{#1307}) on port 49374
[1665409571.142][INFO]: Please see https://chromedriver.chromium.org/security-considerations for suggestions on keeping ChromeDriver safe.
[1665409571.378][INFO]: [c1387211cb2612e10726088c3a11011c] COMMAND InitSession {
   "capabilities": {
      "firstMatch": [ {
         "acceptInsecureCerts": true,
         "browserName": "chrome",
         "goog:chromeOptions": {
            "args": [ "--proxy-bypass-list=\u003C-loopback>", "--disable-dev-shm-usage", "--no-sandbox" ],
            "excludeSwitches": [ "enable-automation", "load-extension" ],
            "extensions": [  ],
            "prefs": {
               "credentials_enable_service": false,
               "download.default_directory": "C:\\Users\\neuro\\IdeaProjects\\AutottestsSample\\build\\downloads\\1665409570926_2772_1",
               "plugins.always_open_pdf_externally": true
            }
         },
         "pageLoadStrategy": "normal"
      } ]
   },
   "desiredCapabilities": {
      "acceptInsecureCerts": true,
      "acceptSslCerts": true,
      "browserName": "chrome",
      "goog:chromeOptions": {
         "args": [ "--proxy-bypass-list=\u003C-loopback>", "--disable-dev-shm-usage", "--no-sandbox" ],
         "excludeSwitches": [ "enable-automation", "load-extension" ],
         "extensions": [  ],
         "prefs": {
            "credentials_enable_service": false,
            "download.default_directory": "C:\\Users\\neuro\\IdeaProjects\\AutottestsSample\\build\\downloads\\1665409570926_2772_1",
            "plugins.always_open_pdf_externally": true
         }
      },
      "handlesAlerts": true,
      "javascriptEnabled": true,
      "pageLoadStrategy": "normal",
      "takesScreenshot": true
   }
}
[1665409571.382][INFO]: Populating Preferences file: {
   "alternate_error_pages": {
      "enabled": false
   },
   "autofill": {
      "enabled": false
   },
   "browser": {
      "check_default_browser": false
   },
   "credentials_enable_service": false,
   "distribution": {
      "import_bookmarks": false,
      "import_history": false,
      "import_search_engine": false,
      "make_chrome_default_for_user": false,
      "skip_first_run_ui": true
   },
   "dns_prefetching": {
      "enabled": false
   },
   "download": {
      "default_directory": "C:\\Users\\neuro\\IdeaProjects\\AutottestsSample\\build\\downloads\\1665409570926_2772_1"
   },
   "plugins": {
      "always_open_pdf_externally": true
   },
   "profile": {
      "content_settings": {
         "pattern_pairs": {
            "https://*,*": {
               "media-stream": {
                  "audio": "Default",
                  "video": "Default"
               }
            }
         }
      },
      "default_content_setting_values": {
         "geolocation": 1
      },
      "default_content_settings": {
         "geolocation": 1,
         "mouselock": 1,
         "notifications": 1,
         "popups": 1,
         "ppapi-broker": 1
      },
      "password_manager_enabled": false
   },
   "safebrowsing": {
      "enabled": false
   },
   "search": {
      "suggest_enabled": false
   },
   "translate": {
      "enabled": false
   }
}
[1665409571.383][INFO]: Populating Local State file: {
   "background_mode": {
      "enabled": false
   },
   "ssl": {
      "rev_checking": {
         "enabled": false
      }
   }
}
[1665409571.387][INFO]: Launching chrome: "C:\Program Files\Google\Chrome\Application\chrome.exe" --allow-pre-commit-input --disable-background-networking --disable-backgrounding-occluded-windows --disable-client-side-phishing-detection --disable-default-apps --disable-dev-shm-usage --disable-hang-monitor --disable-popup-blocking --disable-prompt-on-repost --disable-sync --enable-blink-features=ShadowDOMV0 --enable-logging --ignore-certificate-errors --log-level=0 --no-first-run --no-sandbox --no-service-autorun --password-store=basic --proxy-bypass-list=<-loopback> --remote-debugging-port=0 --test-type=webdriver --use-mock-keychain --user-data-dir="C:\Users\neuro\AppData\Local\Temp\scoped_dir8272_2027826574" data:,
[1665409572.038][WARNING]: This version of ChromeDriver has not been tested with Chrome version 105.
[1665409572.043][INFO]: resolved localhost to ["::1","127.0.0.1"]
[1665409572.046][INFO]: resolved localhost to ["::1","127.0.0.1"]
[1665409572.053][INFO]: [c1387211cb2612e10726088c3a11011c] RESPONSE InitSession {
   "capabilities": {
      "acceptInsecureCerts": true,
      "browserName": "chrome",
      "browserVersion": "105.0.5195.127",
      "chrome": {
         "chromedriverVersion": "104.0.5112.79 (3cf3e8c8a07d104b9e1260c910efb8f383285dc5-refs/branch-heads/5112@{#1307})",
         "userDataDir": "C:\\Users\\neuro\\AppData\\Local\\Temp\\scoped_dir8272_2027826574"
      },
      "goog:chromeOptions": {
         "debuggerAddress": "localhost:58459"
      },
      "networkConnectionEnabled": false,
      "pageLoadStrategy": "normal",
      "platformName": "windows",
      "proxy": {
      },
      "setWindowRect": true,
      "strictFileInteractability": false,
      "timeouts": {
         "implicit": 0,
         "pageLoad": 300000,
         "script": 30000
      },
      "unhandledPromptBehavior": "dismiss and notify",
      "webauthn:extension:credBlob": true,
      "webauthn:extension:largeBlob": true,
      "webauthn:virtualAuthenticators": true
   },
   "sessionId": "c1387211cb2612e10726088c3a11011c"
}
[1665409572.108][INFO]: [c1387211cb2612e10726088c3a11011c] COMMAND MaximizeWindow {
}
[1665409572.108][INFO]: Waiting for pending navigations...
[1665409572.110][INFO]: Done waiting for pending navigations. Status: ok
[1665409572.240][INFO]: Waiting for pending navigations...
[1665409572.241][INFO]: Done waiting for pending navigations. Status: ok
[1665409572.241][INFO]: [c1387211cb2612e10726088c3a11011c] RESPONSE MaximizeWindow {
   "height": 832,
   "width": 1552,
   "x": -8,
   "y": -8
}
[1665409572.245][INFO]: [c1387211cb2612e10726088c3a11011c] COMMAND SetTimeouts {
   "pageLoad": 30000
}
[1665409572.245][INFO]: [c1387211cb2612e10726088c3a11011c] RESPONSE SetTimeouts
[1665409572.251][INFO]: [c1387211cb2612e10726088c3a11011c] COMMAND Navigate {
   "url": "https://yandex.ru"
}
[1665409572.251][INFO]: Waiting for pending navigations...
[1665409572.252][INFO]: Done waiting for pending navigations. Status: ok
[1665409572.578][INFO]: Waiting for pending navigations...
[1665409574.559][INFO]: Done waiting for pending navigations. Status: ok
[1665409574.559][INFO]: [c1387211cb2612e10726088c3a11011c] RESPONSE Navigate
[1665409574.591][INFO]: [c1387211cb2612e10726088c3a11011c] COMMAND FindElement {
   "using": "xpath",
   "value": "//*[contains(@class, 'input__control ')]"
}
[1665409574.591][INFO]: Waiting for pending navigations...
[1665409574.592][INFO]: Done waiting for pending navigations. Status: ok
[1665409574.602][INFO]: Waiting for pending navigations...
[1665409574.603][INFO]: Done waiting for pending navigations. Status: ok
[1665409574.603][INFO]: [c1387211cb2612e10726088c3a11011c] RESPONSE FindElement ERROR no such element: Unable to locate element: {"method":"xpath","selector":"//*[contains(@class, 'input__control ')]"}
  (Session info: chrome=105.0.5195.127)
[1665409574.819][INFO]: [c1387211cb2612e10726088c3a11011c] COMMAND FindElement {
   "using": "xpath",
   "value": "//*[contains(@class, 'input__control ')]"
}
[1665409574.819][INFO]: Waiting for pending navigations...
[1665409574.893][INFO]: Done waiting for pending navigations. Status: ok
[1665409574.900][INFO]: Waiting for pending navigations...
[1665409574.901][INFO]: Done waiting for pending navigations. Status: ok
[1665409574.901][INFO]: [c1387211cb2612e10726088c3a11011c] RESPONSE FindElement ERROR no such element: Unable to locate element: {"method":"xpath","selector":"//*[contains(@class, 'input__control ')]"}
  (Session info: chrome=105.0.5195.127)
[1665409575.114][INFO]: [c1387211cb2612e10726088c3a11011c] COMMAND FindElement {
   "using": "xpath",
   "value": "//*[contains(@class, 'input__control ')]"
}
[1665409575.114][INFO]: Waiting for pending navigations...
[1665409575.115][INFO]: Done waiting for pending navigations. Status: ok
[1665409575.120][INFO]: Waiting for pending navigations...
[1665409575.120][INFO]: Done waiting for pending navigations. Status: ok
[1665409575.120][INFO]: [c1387211cb2612e10726088c3a11011c] RESPONSE FindElement ERROR no such element: Unable to locate element: {"method":"xpath","selector":"//*[contains(@class, 'input__control ')]"}
  (Session info: chrome=105.0.5195.127)
[1665409575.329][INFO]: [c1387211cb2612e10726088c3a11011c] COMMAND FindElement {
   "using": "xpath",
   "value": "//*[contains(@class, 'input__control ')]"
}
[1665409575.329][INFO]: Waiting for pending navigations...
[1665409575.332][INFO]: Done waiting for pending navigations. Status: ok
[1665409575.337][INFO]: Waiting for pending navigations...
[1665409575.339][INFO]: Done waiting for pending navigations. Status: ok
[1665409575.339][INFO]: [c1387211cb2612e10726088c3a11011c] RESPONSE FindElement ERROR no such element: Unable to locate element: {"method":"xpath","selector":"//*[contains(@class, 'input__control ')]"}
  (Session info: chrome=105.0.5195.127)
[1665409575.558][INFO]: [c1387211cb2612e10726088c3a11011c] COMMAND FindElement {
   "using": "xpath",
   "value": "//*[contains(@class, 'input__control ')]"
}
[1665409575.558][INFO]: Waiting for pending navigations...
[1665409575.559][INFO]: Done waiting for pending navigations. Status: ok
[1665409575.565][INFO]: Waiting for pending navigations...
[1665409575.566][INFO]: Done waiting for pending navigations. Status: ok
[1665409575.566][INFO]: [c1387211cb2612e10726088c3a11011c] RESPONSE FindElement ERROR no such element: Unable to locate element: {"method":"xpath","selector":"//*[contains(@class, 'input__control ')]"}
  (Session info: chrome=105.0.5195.127)
[1665409575.777][INFO]: [c1387211cb2612e10726088c3a11011c] COMMAND FindElement {
   "using": "xpath",
   "value": "//*[contains(@class, 'input__control ')]"
}
[1665409575.777][INFO]: Waiting for pending navigations...
[1665409575.779][INFO]: Done waiting for pending navigations. Status: ok
[1665409575.785][INFO]: Waiting for pending navigations...
[1665409575.785][INFO]: Done waiting for pending navigations. Status: ok
[1665409575.786][INFO]: [c1387211cb2612e10726088c3a11011c] RESPONSE FindElement ERROR no such element: Unable to locate element: {"method":"xpath","selector":"//*[contains(@class, 'input__control ')]"}
  (Session info: chrome=105.0.5195.127)
[1665409575.993][INFO]: [c1387211cb2612e10726088c3a11011c] COMMAND FindElement {
   "using": "xpath",
   "value": "//*[contains(@class, 'input__control ')]"
}
[1665409575.993][INFO]: Waiting for pending navigations...
[1665409575.994][INFO]: Done waiting for pending navigations. Status: ok
[1665409576.000][INFO]: Waiting for pending navigations...
[1665409576.001][INFO]: Done waiting for pending navigations. Status: ok
[1665409576.001][INFO]: [c1387211cb2612e10726088c3a11011c] RESPONSE FindElement ERROR no such element: Unable to locate element: {"method":"xpath","selector":"//*[contains(@class, 'input__control ')]"}
  (Session info: chrome=105.0.5195.127)
[1665409576.214][INFO]: [c1387211cb2612e10726088c3a11011c] COMMAND FindElement {
   "using": "xpath",
   "value": "//*[contains(@class, 'input__control ')]"
}
[1665409576.214][INFO]: Waiting for pending navigations...
[1665409576.215][INFO]: Done waiting for pending navigations. Status: ok
[1665409576.220][INFO]: Waiting for pending navigations...
[1665409576.221][INFO]: Done waiting for pending navigations. Status: ok
[1665409576.221][INFO]: [c1387211cb2612e10726088c3a11011c] RESPONSE FindElement ERROR no such element: Unable to locate element: {"method":"xpath","selector":"//*[contains(@class, 'input__control ')]"}
  (Session info: chrome=105.0.5195.127)
[1665409576.430][INFO]: [c1387211cb2612e10726088c3a11011c] COMMAND FindElement {
   "using": "xpath",
   "value": "//*[contains(@class, 'input__control ')]"
}
[1665409576.431][INFO]: Waiting for pending navigations...
[1665409576.431][INFO]: Done waiting for pending navigations. Status: ok
[1665409576.437][INFO]: Waiting for pending navigations...
[1665409576.438][INFO]: Done waiting for pending navigations. Status: ok
[1665409576.438][INFO]: [c1387211cb2612e10726088c3a11011c] RESPONSE FindElement ERROR no such element: Unable to locate element: {"method":"xpath","selector":"//*[contains(@class, 'input__control ')]"}
  (Session info: chrome=105.0.5195.127)
[1665409576.649][INFO]: [c1387211cb2612e10726088c3a11011c] COMMAND FindElement {
   "using": "xpath",
   "value": "//*[contains(@class, 'input__control ')]"
}
[1665409576.649][INFO]: Waiting for pending navigations...
[1665409576.650][INFO]: Done waiting for pending navigations. Status: ok
[1665409576.655][INFO]: Waiting for pending navigations...
[1665409576.656][INFO]: Done waiting for pending navigations. Status: ok
[1665409576.656][INFO]: [c1387211cb2612e10726088c3a11011c] RESPONSE FindElement ERROR no such element: Unable to locate element: {"method":"xpath","selector":"//*[contains(@class, 'input__control ')]"}
  (Session info: chrome=105.0.5195.127)
[1665409576.866][INFO]: [c1387211cb2612e10726088c3a11011c] COMMAND FindElement {
   "using": "xpath",
   "value": "//*[contains(@class, 'input__control ')]"
}
[1665409576.866][INFO]: Waiting for pending navigations...
[1665409576.867][INFO]: Done waiting for pending navigations. Status: ok
[1665409576.872][INFO]: Waiting for pending navigations...
[1665409576.873][INFO]: Done waiting for pending navigations. Status: ok
[1665409576.873][INFO]: [c1387211cb2612e10726088c3a11011c] RESPONSE FindElement ERROR no such element: Unable to locate element: {"method":"xpath","selector":"//*[contains(@class, 'input__control ')]"}
  (Session info: chrome=105.0.5195.127)
[1665409577.082][INFO]: [c1387211cb2612e10726088c3a11011c] COMMAND FindElement {
   "using": "xpath",
   "value": "//*[contains(@class, 'input__control ')]"
}
[1665409577.082][INFO]: Waiting for pending navigations...
[1665409577.083][INFO]: Done waiting for pending navigations. Status: ok
[1665409577.088][INFO]: Waiting for pending navigations...
[1665409577.088][INFO]: Done waiting for pending navigations. Status: ok
[1665409577.088][INFO]: [c1387211cb2612e10726088c3a11011c] RESPONSE FindElement ERROR no such element: Unable to locate element: {"method":"xpath","selector":"//*[contains(@class, 'input__control ')]"}
  (Session info: chrome=105.0.5195.127)
[1665409577.297][INFO]: [c1387211cb2612e10726088c3a11011c] COMMAND FindElement {
   "using": "xpath",
   "value": "//*[contains(@class, 'input__control ')]"
}
[1665409577.297][INFO]: Waiting for pending navigations...
[1665409577.298][INFO]: Done waiting for pending navigations. Status: ok
[1665409577.303][INFO]: Waiting for pending navigations...
[1665409577.304][INFO]: Done waiting for pending navigations. Status: ok
[1665409577.304][INFO]: [c1387211cb2612e10726088c3a11011c] RESPONSE FindElement ERROR no such element: Unable to locate element: {"method":"xpath","selector":"//*[contains(@class, 'input__control ')]"}
  (Session info: chrome=105.0.5195.127)
[1665409577.515][INFO]: [c1387211cb2612e10726088c3a11011c] COMMAND FindElement {
   "using": "xpath",
   "value": "//*[contains(@class, 'input__control ')]"
}
[1665409577.515][INFO]: Waiting for pending navigations...
[1665409577.516][INFO]: Done waiting for pending navigations. Status: ok
[1665409577.522][INFO]: Waiting for pending navigations...
[1665409577.523][INFO]: Done waiting for pending navigations. Status: ok
[1665409577.523][INFO]: [c1387211cb2612e10726088c3a11011c] RESPONSE FindElement ERROR no such element: Unable to locate element: {"method":"xpath","selector":"//*[contains(@class, 'input__control ')]"}
  (Session info: chrome=105.0.5195.127)
[1665409577.735][INFO]: [c1387211cb2612e10726088c3a11011c] COMMAND FindElement {
   "using": "xpath",
   "value": "//*[contains(@class, 'input__control ')]"
}
[1665409577.735][INFO]: Waiting for pending navigations...
[1665409577.736][INFO]: Done waiting for pending navigations. Status: ok
[1665409577.741][INFO]: Waiting for pending navigations...
[1665409577.742][INFO]: Done waiting for pending navigations. Status: ok
[1665409577.742][INFO]: [c1387211cb2612e10726088c3a11011c] RESPONSE FindElement ERROR no such element: Unable to locate element: {"method":"xpath","selector":"//*[contains(@class, 'input__control ')]"}
  (Session info: chrome=105.0.5195.127)
[1665409577.957][INFO]: [c1387211cb2612e10726088c3a11011c] COMMAND FindElement {
   "using": "xpath",
   "value": "//*[contains(@class, 'input__control ')]"
}
[1665409577.957][INFO]: Waiting for pending navigations...
[1665409577.957][INFO]: Done waiting for pending navigations. Status: ok
[1665409577.962][INFO]: Waiting for pending navigations...
[1665409577.962][INFO]: Done waiting for pending navigations. Status: ok
[1665409577.962][INFO]: [c1387211cb2612e10726088c3a11011c] RESPONSE FindElement ERROR no such element: Unable to locate element: {"method":"xpath","selector":"//*[contains(@class, 'input__control ')]"}
  (Session info: chrome=105.0.5195.127)
[1665409578.175][INFO]: [c1387211cb2612e10726088c3a11011c] COMMAND FindElement {
   "using": "xpath",
   "value": "//*[contains(@class, 'input__control ')]"
}
[1665409578.175][INFO]: Waiting for pending navigations...
[1665409578.176][INFO]: Done waiting for pending navigations. Status: ok
[1665409578.182][INFO]: Waiting for pending navigations...
[1665409578.182][INFO]: Done waiting for pending navigations. Status: ok
[1665409578.182][INFO]: [c1387211cb2612e10726088c3a11011c] RESPONSE FindElement ERROR no such element: Unable to locate element: {"method":"xpath","selector":"//*[contains(@class, 'input__control ')]"}
  (Session info: chrome=105.0.5195.127)
[1665409578.397][INFO]: [c1387211cb2612e10726088c3a11011c] COMMAND FindElement {
   "using": "xpath",
   "value": "//*[contains(@class, 'input__control ')]"
}
[1665409578.397][INFO]: Waiting for pending navigations...
[1665409578.398][INFO]: Done waiting for pending navigations. Status: ok
[1665409578.403][INFO]: Waiting for pending navigations...
[1665409578.404][INFO]: Done waiting for pending navigations. Status: ok
[1665409578.404][INFO]: [c1387211cb2612e10726088c3a11011c] RESPONSE FindElement ERROR no such element: Unable to locate element: {"method":"xpath","selector":"//*[contains(@class, 'input__control ')]"}
  (Session info: chrome=105.0.5195.127)
[1665409578.637][INFO]: [c1387211cb2612e10726088c3a11011c] COMMAND ExecuteScript {
   "args": [  ],
   "script": "var source = document.documentElement.outerHTML; \nif (!source) { source = new XMLSerializer().serializeToString(document); }\nreturn source;"
}
[1665409578.637][INFO]: Waiting for pending navigations...
[1665409578.638][INFO]: Done waiting for pending navigations. Status: ok
[1665409578.813][INFO]: Waiting for pending navigations...
[1665409578.815][INFO]: Done waiting for pending navigations. Status: ok
[1665409578.816][INFO]: [c1387211cb2612e10726088c3a11011c] RESPONSE ExecuteScript "\u003Chtml class=\"zen-page _browser-name_chrome _browser-base_chromium _theme_white fonts-loaded\" style=\"\">\u003Chead>\n                \n        \u003Cmeta charset=\"utf-8\">\n        \u003Ctitle>Дзен\u003C/title>\n        ..."
[1665409579.217][INFO]: [c1387211cb2612e10726088c3a11011c] COMMAND Screenshot {
}
[1665409579.217][INFO]: Waiting for pending navigations...
[1665409579.218][INFO]: Done waiting for pending navigations. Status: ok
[1665409579.429][INFO]: Waiting for pending navigations...
[1665409579.432][INFO]: Done waiting for pending navigations. Status: ok
[1665409579.432][INFO]: [c1387211cb2612e10726088c3a11011c] RESPONSE Screenshot "iVBORw0KGgoAAAANSUhEUgAAB4AAAAOkCAYAAABH0Cn1AAAAAXNSR0IArs4c6QAAIABJREFUeJzs3Xl8VPW9//HXmSXJTPaFLYGwIwrIIpviCuJaF1xYWlekt7d1t/Zq1dv2d2sXe29t1dq6VetSEdu6KypLUVFRkE1kCQgkECCBhKwzySzn/P6YzJAhKyFhEvJ+9..."
[1665409579.502][INFO]: [c1387211cb2612e10726088c3a11011c] COMMAND Screenshot {
}
[1665409579.502][INFO]: Waiting for pending navigations...
[1665409579.503][INFO]: Done waiting for pending navigations. Status: ok
[1665409579.711][INFO]: Waiting for pending navigations...
[1665409579.712][INFO]: Done waiting for pending navigations. Status: ok
[1665409579.712][INFO]: [c1387211cb2612e10726088c3a11011c] RESPONSE Screenshot "iVBORw0KGgoAAAANSUhEUgAAB4AAAAOkCAYAAABH0Cn1AAAAAXNSR0IArs4c6QAAIABJREFUeJzs3Xl8VPW9//HXmSXJTPaFLYGwIwrIIpviCuJaF1xYWlekt7d1t/Zq1dv2d2sXe29t1dq6VetSEdu6KypLUVFRkE1kCQgkECCBhKwzySzn/P6YzJAhKyFhEvJ+9..."
[1665409579.738][INFO]: [c1387211cb2612e10726088c3a11011c] COMMAND ExecuteScript {
   "args": [  ],
   "script": "var source = document.documentElement.outerHTML; \nif (!source) { source = new XMLSerializer().serializeToString(document); }\nreturn source;"
}
[1665409579.738][INFO]: Waiting for pending navigations...
[1665409579.739][INFO]: Done waiting for pending navigations. Status: ok
[1665409579.904][INFO]: Waiting for pending navigations...
[1665409579.906][INFO]: Done waiting for pending navigations. Status: ok
[1665409579.907][INFO]: [c1387211cb2612e10726088c3a11011c] RESPONSE ExecuteScript "\u003Chtml class=\"zen-page _browser-name_chrome _browser-base_chromium _theme_white fonts-loaded\" style=\"\">\u003Chead>\n                \n        \u003Cmeta charset=\"utf-8\">\n        \u003Ctitle>Дзен\u003C/title>\n        ..."
[1665409580.226][INFO]: [c1387211cb2612e10726088c3a11011c] COMMAND Quit {
}
[1665409580.270][INFO]: [c1387211cb2612e10726088c3a11011c] RESPONSE Quit
