[1664786530.720][INFO]: Starting ChromeDriver 104.0.5112.79 (3cf3e8c8a07d104b9e1260c910efb8f383285dc5-refs/branch-heads/5112@{#1307}) on port 52699
[1664786530.720][INFO]: Please see https://chromedriver.chromium.org/security-considerations for suggestions on keeping ChromeDriver safe.
[1664786531.019][INFO]: [c477989a8bfc779340eeebd41d783aa5] COMMAND InitSession {
   "capabilities": {
      "firstMatch": [ {
         "acceptInsecureCerts": true,
         "browserName": "chrome",
         "goog:chromeOptions": {
            "args": [ "--proxy-bypass-list=\u003C-loopback>", "--disable-dev-shm-usage", "--no-sandbox" ],
            "excludeSwitches": [ "enable-automation", "load-extension" ],
            "extensions": [  ],
            "prefs": {
               "credentials_enable_service": false,
               "download.default_directory": "C:\\Users\\neuro\\IdeaProjects\\AutottestsSample\\build\\downloads\\1664786529813_15876_1",
               "plugins.always_open_pdf_externally": true
            }
         },
         "pageLoadStrategy": "normal"
      } ]
   },
   "desiredCapabilities": {
      "acceptInsecureCerts": true,
      "acceptSslCerts": true,
      "browserName": "chrome",
      "goog:chromeOptions": {
         "args": [ "--proxy-bypass-list=\u003C-loopback>", "--disable-dev-shm-usage", "--no-sandbox" ],
         "excludeSwitches": [ "enable-automation", "load-extension" ],
         "extensions": [  ],
         "prefs": {
            "credentials_enable_service": false,
            "download.default_directory": "C:\\Users\\neuro\\IdeaProjects\\AutottestsSample\\build\\downloads\\1664786529813_15876_1",
            "plugins.always_open_pdf_externally": true
         }
      },
      "handlesAlerts": true,
      "javascriptEnabled": true,
      "pageLoadStrategy": "normal",
      "takesScreenshot": true
   }
}
[1664786531.024][INFO]: Populating Preferences file: {
   "alternate_error_pages": {
      "enabled": false
   },
   "autofill": {
      "enabled": false
   },
   "browser": {
      "check_default_browser": false
   },
   "credentials_enable_service": false,
   "distribution": {
      "import_bookmarks": false,
      "import_history": false,
      "import_search_engine": false,
      "make_chrome_default_for_user": false,
      "skip_first_run_ui": true
   },
   "dns_prefetching": {
      "enabled": false
   },
   "download": {
      "default_directory": "C:\\Users\\neuro\\IdeaProjects\\AutottestsSample\\build\\downloads\\1664786529813_15876_1"
   },
   "plugins": {
      "always_open_pdf_externally": true
   },
   "profile": {
      "content_settings": {
         "pattern_pairs": {
            "https://*,*": {
               "media-stream": {
                  "audio": "Default",
                  "video": "Default"
               }
            }
         }
      },
      "default_content_setting_values": {
         "geolocation": 1
      },
      "default_content_settings": {
         "geolocation": 1,
         "mouselock": 1,
         "notifications": 1,
         "popups": 1,
         "ppapi-broker": 1
      },
      "password_manager_enabled": false
   },
   "safebrowsing": {
      "enabled": false
   },
   "search": {
      "suggest_enabled": false
   },
   "translate": {
      "enabled": false
   }
}
[1664786531.025][INFO]: Populating Local State file: {
   "background_mode": {
      "enabled": false
   },
   "ssl": {
      "rev_checking": {
         "enabled": false
      }
   }
}
[1664786531.031][INFO]: Launching chrome: "C:\Program Files\Google\Chrome\Application\chrome.exe" --allow-pre-commit-input --disable-background-networking --disable-backgrounding-occluded-windows --disable-client-side-phishing-detection --disable-default-apps --disable-dev-shm-usage --disable-hang-monitor --disable-popup-blocking --disable-prompt-on-repost --disable-sync --enable-blink-features=ShadowDOMV0 --enable-logging --ignore-certificate-errors --log-level=0 --no-first-run --no-sandbox --no-service-autorun --password-store=basic --proxy-bypass-list=<-loopback> --remote-debugging-port=0 --test-type=webdriver --use-mock-keychain --user-data-dir="C:\Users\neuro\AppData\Local\Temp\scoped_dir29752_2034571540" data:,
[1664786531.697][WARNING]: This version of ChromeDriver has not been tested with Chrome version 105.
[1664786531.712][INFO]: resolved localhost to ["::1","127.0.0.1"]
[1664786531.717][INFO]: resolved localhost to ["::1","127.0.0.1"]
[1664786531.730][INFO]: [c477989a8bfc779340eeebd41d783aa5] RESPONSE InitSession {
   "capabilities": {
      "acceptInsecureCerts": true,
      "browserName": "chrome",
      "browserVersion": "105.0.5195.127",
      "chrome": {
         "chromedriverVersion": "104.0.5112.79 (3cf3e8c8a07d104b9e1260c910efb8f383285dc5-refs/branch-heads/5112@{#1307})",
         "userDataDir": "C:\\Users\\neuro\\AppData\\Local\\Temp\\scoped_dir29752_2034571540"
      },
      "goog:chromeOptions": {
         "debuggerAddress": "localhost:61101"
      },
      "networkConnectionEnabled": false,
      "pageLoadStrategy": "normal",
      "platformName": "windows",
      "proxy": {
      },
      "setWindowRect": true,
      "strictFileInteractability": false,
      "timeouts": {
         "implicit": 0,
         "pageLoad": 300000,
         "script": 30000
      },
      "unhandledPromptBehavior": "dismiss and notify",
      "webauthn:extension:credBlob": true,
      "webauthn:extension:largeBlob": true,
      "webauthn:virtualAuthenticators": true
   },
   "sessionId": "c477989a8bfc779340eeebd41d783aa5"
}
[1664786531.855][INFO]: [c477989a8bfc779340eeebd41d783aa5] COMMAND MaximizeWindow {
}
[1664786531.855][INFO]: Waiting for pending navigations...
[1664786531.859][INFO]: Done waiting for pending navigations. Status: ok
[1664786531.988][INFO]: Waiting for pending navigations...
[1664786531.989][INFO]: Done waiting for pending navigations. Status: ok
[1664786531.989][INFO]: [c477989a8bfc779340eeebd41d783aa5] RESPONSE MaximizeWindow {
   "height": 832,
   "width": 1552,
   "x": -8,
   "y": -8
}
[1664786531.994][INFO]: [c477989a8bfc779340eeebd41d783aa5] COMMAND SetTimeouts {
   "pageLoad": 30000
}
[1664786531.994][INFO]: [c477989a8bfc779340eeebd41d783aa5] RESPONSE SetTimeouts
[1664786532.004][INFO]: [c477989a8bfc779340eeebd41d783aa5] COMMAND Navigate {
   "url": "https://yandex.ru"
}
[1664786532.004][INFO]: Waiting for pending navigations...
[1664786532.005][INFO]: Done waiting for pending navigations. Status: ok
[1664786532.387][INFO]: Waiting for pending navigations...
[1664786534.565][INFO]: Done waiting for pending navigations. Status: ok
[1664786534.565][INFO]: [c477989a8bfc779340eeebd41d783aa5] RESPONSE Navigate
[1664786534.620][INFO]: [c477989a8bfc779340eeebd41d783aa5] COMMAND FindElement {
   "using": "xpath",
   "value": "//*[contains(@class, 'input__control ')]"
}
[1664786534.620][INFO]: Waiting for pending navigations...
[1664786534.620][INFO]: Done waiting for pending navigations. Status: ok
[1664786534.629][INFO]: Waiting for pending navigations...
[1664786534.630][INFO]: Done waiting for pending navigations. Status: ok
[1664786534.630][INFO]: [c477989a8bfc779340eeebd41d783aa5] RESPONSE FindElement ERROR no such element: Unable to locate element: {"method":"xpath","selector":"//*[contains(@class, 'input__control ')]"}
  (Session info: chrome=105.0.5195.127)
[1664786534.855][INFO]: [c477989a8bfc779340eeebd41d783aa5] COMMAND FindElement {
   "using": "xpath",
   "value": "//*[contains(@class, 'input__control ')]"
}
[1664786534.855][INFO]: Waiting for pending navigations...
[1664786534.907][INFO]: Done waiting for pending navigations. Status: ok
[1664786534.913][INFO]: Waiting for pending navigations...
[1664786534.913][INFO]: Done waiting for pending navigations. Status: ok
[1664786534.913][INFO]: [c477989a8bfc779340eeebd41d783aa5] RESPONSE FindElement ERROR no such element: Unable to locate element: {"method":"xpath","selector":"//*[contains(@class, 'input__control ')]"}
  (Session info: chrome=105.0.5195.127)
[1664786535.129][INFO]: [c477989a8bfc779340eeebd41d783aa5] COMMAND FindElement {
   "using": "xpath",
   "value": "//*[contains(@class, 'input__control ')]"
}
[1664786535.129][INFO]: Waiting for pending navigations...
[1664786535.130][INFO]: Done waiting for pending navigations. Status: ok
[1664786535.135][INFO]: Waiting for pending navigations...
[1664786535.137][INFO]: Done waiting for pending navigations. Status: ok
[1664786535.137][INFO]: [c477989a8bfc779340eeebd41d783aa5] RESPONSE FindElement ERROR no such element: Unable to locate element: {"method":"xpath","selector":"//*[contains(@class, 'input__control ')]"}
  (Session info: chrome=105.0.5195.127)
[1664786535.344][INFO]: [c477989a8bfc779340eeebd41d783aa5] COMMAND FindElement {
   "using": "xpath",
   "value": "//*[contains(@class, 'input__control ')]"
}
[1664786535.344][INFO]: Waiting for pending navigations...
[1664786535.345][INFO]: Done waiting for pending navigations. Status: ok
[1664786535.350][INFO]: Waiting for pending navigations...
[1664786535.351][INFO]: Done waiting for pending navigations. Status: ok
[1664786535.351][INFO]: [c477989a8bfc779340eeebd41d783aa5] RESPONSE FindElement ERROR no such element: Unable to locate element: {"method":"xpath","selector":"//*[contains(@class, 'input__control ')]"}
  (Session info: chrome=105.0.5195.127)
[1664786535.563][INFO]: [c477989a8bfc779340eeebd41d783aa5] COMMAND FindElement {
   "using": "xpath",
   "value": "//*[contains(@class, 'input__control ')]"
}
[1664786535.563][INFO]: Waiting for pending navigations...
[1664786535.563][INFO]: Done waiting for pending navigations. Status: ok
[1664786535.568][INFO]: Waiting for pending navigations...
[1664786535.568][INFO]: Done waiting for pending navigations. Status: ok
[1664786535.568][INFO]: [c477989a8bfc779340eeebd41d783aa5] RESPONSE FindElement ERROR no such element: Unable to locate element: {"method":"xpath","selector":"//*[contains(@class, 'input__control ')]"}
  (Session info: chrome=105.0.5195.127)
[1664786535.781][INFO]: [c477989a8bfc779340eeebd41d783aa5] COMMAND FindElement {
   "using": "xpath",
   "value": "//*[contains(@class, 'input__control ')]"
}
[1664786535.781][INFO]: Waiting for pending navigations...
[1664786535.782][INFO]: Done waiting for pending navigations. Status: ok
[1664786535.787][INFO]: Waiting for pending navigations...
[1664786535.788][INFO]: Done waiting for pending navigations. Status: ok
[1664786535.788][INFO]: [c477989a8bfc779340eeebd41d783aa5] RESPONSE FindElement ERROR no such element: Unable to locate element: {"method":"xpath","selector":"//*[contains(@class, 'input__control ')]"}
  (Session info: chrome=105.0.5195.127)
[1664786535.999][INFO]: [c477989a8bfc779340eeebd41d783aa5] COMMAND FindElement {
   "using": "xpath",
   "value": "//*[contains(@class, 'input__control ')]"
}
[1664786535.999][INFO]: Waiting for pending navigations...
[1664786535.999][INFO]: Done waiting for pending navigations. Status: ok
[1664786536.006][INFO]: Waiting for pending navigations...
[1664786536.007][INFO]: Done waiting for pending navigations. Status: ok
[1664786536.007][INFO]: [c477989a8bfc779340eeebd41d783aa5] RESPONSE FindElement ERROR no such element: Unable to locate element: {"method":"xpath","selector":"//*[contains(@class, 'input__control ')]"}
  (Session info: chrome=105.0.5195.127)
[1664786536.216][INFO]: [c477989a8bfc779340eeebd41d783aa5] COMMAND FindElement {
   "using": "xpath",
   "value": "//*[contains(@class, 'input__control ')]"
}
[1664786536.216][INFO]: Waiting for pending navigations...
[1664786536.217][INFO]: Done waiting for pending navigations. Status: ok
[1664786536.223][INFO]: Waiting for pending navigations...
[1664786536.224][INFO]: Done waiting for pending navigations. Status: ok
[1664786536.224][INFO]: [c477989a8bfc779340eeebd41d783aa5] RESPONSE FindElement ERROR no such element: Unable to locate element: {"method":"xpath","selector":"//*[contains(@class, 'input__control ')]"}
  (Session info: chrome=105.0.5195.127)
[1664786536.433][INFO]: [c477989a8bfc779340eeebd41d783aa5] COMMAND FindElement {
   "using": "xpath",
   "value": "//*[contains(@class, 'input__control ')]"
}
[1664786536.433][INFO]: Waiting for pending navigations...
[1664786536.434][INFO]: Done waiting for pending navigations. Status: ok
[1664786536.440][INFO]: Waiting for pending navigations...
[1664786536.441][INFO]: Done waiting for pending navigations. Status: ok
[1664786536.441][INFO]: [c477989a8bfc779340eeebd41d783aa5] RESPONSE FindElement ERROR no such element: Unable to locate element: {"method":"xpath","selector":"//*[contains(@class, 'input__control ')]"}
  (Session info: chrome=105.0.5195.127)
[1664786536.651][INFO]: [c477989a8bfc779340eeebd41d783aa5] COMMAND FindElement {
   "using": "xpath",
   "value": "//*[contains(@class, 'input__control ')]"
}
[1664786536.651][INFO]: Waiting for pending navigations...
[1664786536.652][INFO]: Done waiting for pending navigations. Status: ok
[1664786536.656][INFO]: Waiting for pending navigations...
[1664786536.657][INFO]: Done waiting for pending navigations. Status: ok
[1664786536.657][INFO]: [c477989a8bfc779340eeebd41d783aa5] RESPONSE FindElement ERROR no such element: Unable to locate element: {"method":"xpath","selector":"//*[contains(@class, 'input__control ')]"}
  (Session info: chrome=105.0.5195.127)
[1664786536.871][INFO]: [c477989a8bfc779340eeebd41d783aa5] COMMAND FindElement {
   "using": "xpath",
   "value": "//*[contains(@class, 'input__control ')]"
}
[1664786536.872][INFO]: Waiting for pending navigations...
[1664786536.873][INFO]: Done waiting for pending navigations. Status: ok
[1664786536.879][INFO]: Waiting for pending navigations...
[1664786536.880][INFO]: Done waiting for pending navigations. Status: ok
[1664786536.880][INFO]: [c477989a8bfc779340eeebd41d783aa5] RESPONSE FindElement ERROR no such element: Unable to locate element: {"method":"xpath","selector":"//*[contains(@class, 'input__control ')]"}
  (Session info: chrome=105.0.5195.127)
[1664786537.089][INFO]: [c477989a8bfc779340eeebd41d783aa5] COMMAND FindElement {
   "using": "xpath",
   "value": "//*[contains(@class, 'input__control ')]"
}
[1664786537.089][INFO]: Waiting for pending navigations...
[1664786537.089][INFO]: Done waiting for pending navigations. Status: ok
[1664786537.095][INFO]: Waiting for pending navigations...
[1664786537.095][INFO]: Done waiting for pending navigations. Status: ok
[1664786537.095][INFO]: [c477989a8bfc779340eeebd41d783aa5] RESPONSE FindElement ERROR no such element: Unable to locate element: {"method":"xpath","selector":"//*[contains(@class, 'input__control ')]"}
  (Session info: chrome=105.0.5195.127)
[1664786537.305][INFO]: [c477989a8bfc779340eeebd41d783aa5] COMMAND FindElement {
   "using": "xpath",
   "value": "//*[contains(@class, 'input__control ')]"
}
[1664786537.305][INFO]: Waiting for pending navigations...
[1664786537.305][INFO]: Done waiting for pending navigations. Status: ok
[1664786537.309][INFO]: Waiting for pending navigations...
[1664786537.310][INFO]: Done waiting for pending navigations. Status: ok
[1664786537.310][INFO]: [c477989a8bfc779340eeebd41d783aa5] RESPONSE FindElement ERROR no such element: Unable to locate element: {"method":"xpath","selector":"//*[contains(@class, 'input__control ')]"}
  (Session info: chrome=105.0.5195.127)
[1664786537.524][INFO]: [c477989a8bfc779340eeebd41d783aa5] COMMAND FindElement {
   "using": "xpath",
   "value": "//*[contains(@class, 'input__control ')]"
}
[1664786537.524][INFO]: Waiting for pending navigations...
[1664786537.525][INFO]: Done waiting for pending navigations. Status: ok
[1664786537.529][INFO]: Waiting for pending navigations...
[1664786537.530][INFO]: Done waiting for pending navigations. Status: ok
[1664786537.530][INFO]: [c477989a8bfc779340eeebd41d783aa5] RESPONSE FindElement ERROR no such element: Unable to locate element: {"method":"xpath","selector":"//*[contains(@class, 'input__control ')]"}
  (Session info: chrome=105.0.5195.127)
[1664786537.740][INFO]: [c477989a8bfc779340eeebd41d783aa5] COMMAND FindElement {
   "using": "xpath",
   "value": "//*[contains(@class, 'input__control ')]"
}
[1664786537.740][INFO]: Waiting for pending navigations...
[1664786537.741][INFO]: Done waiting for pending navigations. Status: ok
[1664786537.745][INFO]: Waiting for pending navigations...
[1664786537.746][INFO]: Done waiting for pending navigations. Status: ok
[1664786537.746][INFO]: [c477989a8bfc779340eeebd41d783aa5] RESPONSE FindElement ERROR no such element: Unable to locate element: {"method":"xpath","selector":"//*[contains(@class, 'input__control ')]"}
  (Session info: chrome=105.0.5195.127)
[1664786537.957][INFO]: [c477989a8bfc779340eeebd41d783aa5] COMMAND FindElement {
   "using": "xpath",
   "value": "//*[contains(@class, 'input__control ')]"
}
[1664786537.957][INFO]: Waiting for pending navigations...
[1664786537.958][INFO]: Done waiting for pending navigations. Status: ok
[1664786537.963][INFO]: Waiting for pending navigations...
[1664786537.963][INFO]: Done waiting for pending navigations. Status: ok
[1664786537.964][INFO]: [c477989a8bfc779340eeebd41d783aa5] RESPONSE FindElement ERROR no such element: Unable to locate element: {"method":"xpath","selector":"//*[contains(@class, 'input__control ')]"}
  (Session info: chrome=105.0.5195.127)
[1664786538.175][INFO]: [c477989a8bfc779340eeebd41d783aa5] COMMAND FindElement {
   "using": "xpath",
   "value": "//*[contains(@class, 'input__control ')]"
}
[1664786538.175][INFO]: Waiting for pending navigations...
[1664786538.176][INFO]: Done waiting for pending navigations. Status: ok
[1664786538.181][INFO]: Waiting for pending navigations...
[1664786538.181][INFO]: Done waiting for pending navigations. Status: ok
[1664786538.181][INFO]: [c477989a8bfc779340eeebd41d783aa5] RESPONSE FindElement ERROR no such element: Unable to locate element: {"method":"xpath","selector":"//*[contains(@class, 'input__control ')]"}
  (Session info: chrome=105.0.5195.127)
[1664786538.395][INFO]: [c477989a8bfc779340eeebd41d783aa5] COMMAND FindElement {
   "using": "xpath",
   "value": "//*[contains(@class, 'input__control ')]"
}
[1664786538.395][INFO]: Waiting for pending navigations...
[1664786538.395][INFO]: Done waiting for pending navigations. Status: ok
[1664786538.400][INFO]: Waiting for pending navigations...
[1664786538.401][INFO]: Done waiting for pending navigations. Status: ok
[1664786538.401][INFO]: [c477989a8bfc779340eeebd41d783aa5] RESPONSE FindElement ERROR no such element: Unable to locate element: {"method":"xpath","selector":"//*[contains(@class, 'input__control ')]"}
  (Session info: chrome=105.0.5195.127)
[1664786538.614][INFO]: [c477989a8bfc779340eeebd41d783aa5] COMMAND FindElement {
   "using": "xpath",
   "value": "//*[contains(@class, 'input__control ')]"
}
[1664786538.614][INFO]: Waiting for pending navigations...
[1664786538.615][INFO]: Done waiting for pending navigations. Status: ok
[1664786538.619][INFO]: Waiting for pending navigations...
[1664786538.620][INFO]: Done waiting for pending navigations. Status: ok
[1664786538.620][INFO]: [c477989a8bfc779340eeebd41d783aa5] RESPONSE FindElement ERROR no such element: Unable to locate element: {"method":"xpath","selector":"//*[contains(@class, 'input__control ')]"}
  (Session info: chrome=105.0.5195.127)
[1664786538.836][INFO]: [c477989a8bfc779340eeebd41d783aa5] COMMAND ExecuteScript {
   "args": [  ],
   "script": "var source = document.documentElement.outerHTML; \nif (!source) { source = new XMLSerializer().serializeToString(document); }\nreturn source;"
}
[1664786538.836][INFO]: Waiting for pending navigations...
[1664786538.837][INFO]: Done waiting for pending navigations. Status: ok
[1664786539.012][INFO]: Waiting for pending navigations...
[1664786539.013][INFO]: Done waiting for pending navigations. Status: ok
[1664786539.015][INFO]: [c477989a8bfc779340eeebd41d783aa5] RESPONSE ExecuteScript "\u003Chtml class=\"zen-page _browser-name_chrome _browser-base_chromium _theme_white fonts-loaded\" style=\"\">\u003Chead>\n                \n        \u003Cmeta charset=\"utf-8\">\n        \u003Ctitle>Дзен\u003C/title>\n        ..."
[1664786539.316][INFO]: [c477989a8bfc779340eeebd41d783aa5] COMMAND Screenshot {
}
[1664786539.316][INFO]: Waiting for pending navigations...
[1664786539.317][INFO]: Done waiting for pending navigations. Status: ok
[1664786539.507][INFO]: Waiting for pending navigations...
[1664786539.508][INFO]: Done waiting for pending navigations. Status: ok
[1664786539.508][INFO]: [c477989a8bfc779340eeebd41d783aa5] RESPONSE Screenshot "iVBORw0KGgoAAAANSUhEUgAAB4AAAAOkCAYAAABH0Cn1AAAAAXNSR0IArs4c6QAAIABJREFUeJzs3Xt4VPW99v97JgnkBORAIBwCckhAARMOUSJVKahosFBPBLElaik8xeoj3V7Vtjwb/RXb7d6t7rorFesWQUVjWzRUUBSsBxQ0EhIRhADBEM4QkkAyOU1mfn+Ma..."
[1664786539.556][INFO]: [c477989a8bfc779340eeebd41d783aa5] COMMAND Screenshot {
}
[1664786539.556][INFO]: Waiting for pending navigations...
[1664786539.557][INFO]: Done waiting for pending navigations. Status: ok
[1664786539.747][INFO]: Waiting for pending navigations...
[1664786539.748][INFO]: Done waiting for pending navigations. Status: ok
[1664786539.748][INFO]: [c477989a8bfc779340eeebd41d783aa5] RESPONSE Screenshot "iVBORw0KGgoAAAANSUhEUgAAB4AAAAOkCAYAAABH0Cn1AAAAAXNSR0IArs4c6QAAIABJREFUeJzs3Xt4VPW99v97JgnkBORAIBwCckhAARMOUSJVKahosFBPBLElaik8xeoj3V7Vtjwb/RXb7d6t7rorFesWQUVjWzRUUBSsBxQ0EhIRhADBEM4QkkAyOU1mfn+Ma..."
[1664786539.788][INFO]: [c477989a8bfc779340eeebd41d783aa5] COMMAND ExecuteScript {
   "args": [  ],
   "script": "var source = document.documentElement.outerHTML; \nif (!source) { source = new XMLSerializer().serializeToString(document); }\nreturn source;"
}
[1664786539.788][INFO]: Waiting for pending navigations...
[1664786539.789][INFO]: Done waiting for pending navigations. Status: ok
[1664786539.956][INFO]: Waiting for pending navigations...
[1664786539.957][INFO]: Done waiting for pending navigations. Status: ok
[1664786539.959][INFO]: [c477989a8bfc779340eeebd41d783aa5] RESPONSE ExecuteScript "\u003Chtml class=\"zen-page _browser-name_chrome _browser-base_chromium _theme_white fonts-loaded\" style=\"\">\u003Chead>\n                \n        \u003Cmeta charset=\"utf-8\">\n        \u003Ctitle>Дзен\u003C/title>\n        ..."
[1664786540.338][INFO]: [c477989a8bfc779340eeebd41d783aa5] COMMAND Quit {
}
[1664786540.381][INFO]: [c477989a8bfc779340eeebd41d783aa5] RESPONSE Quit
