[1665407396.822][INFO]: Starting ChromeDriver 104.0.5112.79 (3cf3e8c8a07d104b9e1260c910efb8f383285dc5-refs/branch-heads/5112@{#1307}) on port 20798
[1665407396.822][INFO]: Please see https://chromedriver.chromium.org/security-considerations for suggestions on keeping ChromeDriver safe.
[1665407397.040][INFO]: [324c0a048e6f45abb5401da82dff485f] COMMAND InitSession {
   "capabilities": {
      "firstMatch": [ {
         "acceptInsecureCerts": true,
         "browserName": "chrome",
         "goog:chromeOptions": {
            "args": [ "--proxy-bypass-list=\u003C-loopback>", "--disable-dev-shm-usage", "--no-sandbox" ],
            "excludeSwitches": [ "enable-automation", "load-extension" ],
            "extensions": [  ],
            "prefs": {
               "credentials_enable_service": false,
               "download.default_directory": "C:\\Users\\neuro\\IdeaProjects\\AutottestsSample\\build\\downloads\\1665407396647_22720_1",
               "plugins.always_open_pdf_externally": true
            }
         },
         "pageLoadStrategy": "normal"
      } ]
   },
   "desiredCapabilities": {
      "acceptInsecureCerts": true,
      "acceptSslCerts": true,
      "browserName": "chrome",
      "goog:chromeOptions": {
         "args": [ "--proxy-bypass-list=\u003C-loopback>", "--disable-dev-shm-usage", "--no-sandbox" ],
         "excludeSwitches": [ "enable-automation", "load-extension" ],
         "extensions": [  ],
         "prefs": {
            "credentials_enable_service": false,
            "download.default_directory": "C:\\Users\\neuro\\IdeaProjects\\AutottestsSample\\build\\downloads\\1665407396647_22720_1",
            "plugins.always_open_pdf_externally": true
         }
      },
      "handlesAlerts": true,
      "javascriptEnabled": true,
      "pageLoadStrategy": "normal",
      "takesScreenshot": true
   }
}
[1665407397.045][INFO]: Populating Preferences file: {
   "alternate_error_pages": {
      "enabled": false
   },
   "autofill": {
      "enabled": false
   },
   "browser": {
      "check_default_browser": false
   },
   "credentials_enable_service": false,
   "distribution": {
      "import_bookmarks": false,
      "import_history": false,
      "import_search_engine": false,
      "make_chrome_default_for_user": false,
      "skip_first_run_ui": true
   },
   "dns_prefetching": {
      "enabled": false
   },
   "download": {
      "default_directory": "C:\\Users\\neuro\\IdeaProjects\\AutottestsSample\\build\\downloads\\1665407396647_22720_1"
   },
   "plugins": {
      "always_open_pdf_externally": true
   },
   "profile": {
      "content_settings": {
         "pattern_pairs": {
            "https://*,*": {
               "media-stream": {
                  "audio": "Default",
                  "video": "Default"
               }
            }
         }
      },
      "default_content_setting_values": {
         "geolocation": 1
      },
      "default_content_settings": {
         "geolocation": 1,
         "mouselock": 1,
         "notifications": 1,
         "popups": 1,
         "ppapi-broker": 1
      },
      "password_manager_enabled": false
   },
   "safebrowsing": {
      "enabled": false
   },
   "search": {
      "suggest_enabled": false
   },
   "translate": {
      "enabled": false
   }
}
[1665407397.045][INFO]: Populating Local State file: {
   "background_mode": {
      "enabled": false
   },
   "ssl": {
      "rev_checking": {
         "enabled": false
      }
   }
}
[1665407397.049][INFO]: Launching chrome: "C:\Program Files\Google\Chrome\Application\chrome.exe" --allow-pre-commit-input --disable-background-networking --disable-backgrounding-occluded-windows --disable-client-side-phishing-detection --disable-default-apps --disable-dev-shm-usage --disable-hang-monitor --disable-popup-blocking --disable-prompt-on-repost --disable-sync --enable-blink-features=ShadowDOMV0 --enable-logging --ignore-certificate-errors --log-level=0 --no-first-run --no-sandbox --no-service-autorun --password-store=basic --proxy-bypass-list=<-loopback> --remote-debugging-port=0 --test-type=webdriver --use-mock-keychain --user-data-dir="C:\Users\neuro\AppData\Local\Temp\scoped_dir3852_1986376733" data:,
[1665407397.640][WARNING]: This version of ChromeDriver has not been tested with Chrome version 105.
[1665407397.644][INFO]: resolved localhost to ["::1","127.0.0.1"]
[1665407397.646][INFO]: resolved localhost to ["::1","127.0.0.1"]
[1665407397.652][INFO]: [324c0a048e6f45abb5401da82dff485f] RESPONSE InitSession {
   "capabilities": {
      "acceptInsecureCerts": true,
      "browserName": "chrome",
      "browserVersion": "105.0.5195.127",
      "chrome": {
         "chromedriverVersion": "104.0.5112.79 (3cf3e8c8a07d104b9e1260c910efb8f383285dc5-refs/branch-heads/5112@{#1307})",
         "userDataDir": "C:\\Users\\neuro\\AppData\\Local\\Temp\\scoped_dir3852_1986376733"
      },
      "goog:chromeOptions": {
         "debuggerAddress": "localhost:51164"
      },
      "networkConnectionEnabled": false,
      "pageLoadStrategy": "normal",
      "platformName": "windows",
      "proxy": {
      },
      "setWindowRect": true,
      "strictFileInteractability": false,
      "timeouts": {
         "implicit": 0,
         "pageLoad": 300000,
         "script": 30000
      },
      "unhandledPromptBehavior": "dismiss and notify",
      "webauthn:extension:credBlob": true,
      "webauthn:extension:largeBlob": true,
      "webauthn:virtualAuthenticators": true
   },
   "sessionId": "324c0a048e6f45abb5401da82dff485f"
}
[1665407397.691][INFO]: [324c0a048e6f45abb5401da82dff485f] COMMAND MaximizeWindow {
}
[1665407397.691][INFO]: Waiting for pending navigations...
[1665407397.694][INFO]: Done waiting for pending navigations. Status: ok
[1665407397.812][INFO]: Waiting for pending navigations...
[1665407397.813][INFO]: Done waiting for pending navigations. Status: ok
[1665407397.813][INFO]: [324c0a048e6f45abb5401da82dff485f] RESPONSE MaximizeWindow {
   "height": 832,
   "width": 1552,
   "x": -8,
   "y": -8
}
[1665407397.817][INFO]: [324c0a048e6f45abb5401da82dff485f] COMMAND SetTimeouts {
   "pageLoad": 30000
}
[1665407397.817][INFO]: [324c0a048e6f45abb5401da82dff485f] RESPONSE SetTimeouts
[1665407397.826][INFO]: [324c0a048e6f45abb5401da82dff485f] COMMAND Navigate {
   "url": "https://yandex.ru"
}
[1665407397.826][INFO]: Waiting for pending navigations...
[1665407397.826][INFO]: Done waiting for pending navigations. Status: ok
[1665407398.196][INFO]: Waiting for pending navigations...
[1665407400.591][INFO]: Done waiting for pending navigations. Status: ok
[1665407400.591][INFO]: [324c0a048e6f45abb5401da82dff485f] RESPONSE Navigate
[1665407400.624][INFO]: [324c0a048e6f45abb5401da82dff485f] COMMAND FindElement {
   "using": "xpath",
   "value": "//*[contains(@class, 'input__control ')]"
}
[1665407400.624][INFO]: Waiting for pending navigations...
[1665407400.625][INFO]: Done waiting for pending navigations. Status: ok
[1665407400.634][INFO]: Waiting for pending navigations...
[1665407400.634][INFO]: Done waiting for pending navigations. Status: ok
[1665407400.634][INFO]: [324c0a048e6f45abb5401da82dff485f] RESPONSE FindElement ERROR no such element: Unable to locate element: {"method":"xpath","selector":"//*[contains(@class, 'input__control ')]"}
  (Session info: chrome=105.0.5195.127)
[1665407400.852][INFO]: [324c0a048e6f45abb5401da82dff485f] COMMAND FindElement {
   "using": "xpath",
   "value": "//*[contains(@class, 'input__control ')]"
}
[1665407400.852][INFO]: Waiting for pending navigations...
[1665407400.872][INFO]: Done waiting for pending navigations. Status: ok
[1665407400.966][INFO]: Waiting for pending navigations...
[1665407401.006][INFO]: Done waiting for pending navigations. Status: ok
[1665407401.006][INFO]: [324c0a048e6f45abb5401da82dff485f] RESPONSE FindElement ERROR no such element: Unable to locate element: {"method":"xpath","selector":"//*[contains(@class, 'input__control ')]"}
  (Session info: chrome=105.0.5195.127)
[1665407401.220][INFO]: [324c0a048e6f45abb5401da82dff485f] COMMAND FindElement {
   "using": "xpath",
   "value": "//*[contains(@class, 'input__control ')]"
}
[1665407401.220][INFO]: Waiting for pending navigations...
[1665407401.221][INFO]: Done waiting for pending navigations. Status: ok
[1665407401.226][INFO]: Waiting for pending navigations...
[1665407401.227][INFO]: Done waiting for pending navigations. Status: ok
[1665407401.227][INFO]: [324c0a048e6f45abb5401da82dff485f] RESPONSE FindElement ERROR no such element: Unable to locate element: {"method":"xpath","selector":"//*[contains(@class, 'input__control ')]"}
  (Session info: chrome=105.0.5195.127)
[1665407401.435][INFO]: [324c0a048e6f45abb5401da82dff485f] COMMAND FindElement {
   "using": "xpath",
   "value": "//*[contains(@class, 'input__control ')]"
}
[1665407401.435][INFO]: Waiting for pending navigations...
[1665407401.436][INFO]: Done waiting for pending navigations. Status: ok
[1665407401.442][INFO]: Waiting for pending navigations...
[1665407401.442][INFO]: Done waiting for pending navigations. Status: ok
[1665407401.442][INFO]: [324c0a048e6f45abb5401da82dff485f] RESPONSE FindElement ERROR no such element: Unable to locate element: {"method":"xpath","selector":"//*[contains(@class, 'input__control ')]"}
  (Session info: chrome=105.0.5195.127)
[1665407401.649][INFO]: [324c0a048e6f45abb5401da82dff485f] COMMAND FindElement {
   "using": "xpath",
   "value": "//*[contains(@class, 'input__control ')]"
}
[1665407401.649][INFO]: Waiting for pending navigations...
[1665407401.651][INFO]: Done waiting for pending navigations. Status: ok
[1665407401.657][INFO]: Waiting for pending navigations...
[1665407401.658][INFO]: Done waiting for pending navigations. Status: ok
[1665407401.658][INFO]: [324c0a048e6f45abb5401da82dff485f] RESPONSE FindElement ERROR no such element: Unable to locate element: {"method":"xpath","selector":"//*[contains(@class, 'input__control ')]"}
  (Session info: chrome=105.0.5195.127)
[1665407401.867][INFO]: [324c0a048e6f45abb5401da82dff485f] COMMAND FindElement {
   "using": "xpath",
   "value": "//*[contains(@class, 'input__control ')]"
}
[1665407401.867][INFO]: Waiting for pending navigations...
[1665407401.868][INFO]: Done waiting for pending navigations. Status: ok
[1665407401.874][INFO]: Waiting for pending navigations...
[1665407401.874][INFO]: Done waiting for pending navigations. Status: ok
[1665407401.874][INFO]: [324c0a048e6f45abb5401da82dff485f] RESPONSE FindElement ERROR no such element: Unable to locate element: {"method":"xpath","selector":"//*[contains(@class, 'input__control ')]"}
  (Session info: chrome=105.0.5195.127)
[1665407402.084][INFO]: [324c0a048e6f45abb5401da82dff485f] COMMAND FindElement {
   "using": "xpath",
   "value": "//*[contains(@class, 'input__control ')]"
}
[1665407402.084][INFO]: Waiting for pending navigations...
[1665407402.086][INFO]: Done waiting for pending navigations. Status: ok
[1665407402.091][INFO]: Waiting for pending navigations...
[1665407402.092][INFO]: Done waiting for pending navigations. Status: ok
[1665407402.092][INFO]: [324c0a048e6f45abb5401da82dff485f] RESPONSE FindElement ERROR no such element: Unable to locate element: {"method":"xpath","selector":"//*[contains(@class, 'input__control ')]"}
  (Session info: chrome=105.0.5195.127)
[1665407402.302][INFO]: [324c0a048e6f45abb5401da82dff485f] COMMAND FindElement {
   "using": "xpath",
   "value": "//*[contains(@class, 'input__control ')]"
}
[1665407402.302][INFO]: Waiting for pending navigations...
[1665407402.303][INFO]: Done waiting for pending navigations. Status: ok
[1665407402.309][INFO]: Waiting for pending navigations...
[1665407402.309][INFO]: Done waiting for pending navigations. Status: ok
[1665407402.309][INFO]: [324c0a048e6f45abb5401da82dff485f] RESPONSE FindElement ERROR no such element: Unable to locate element: {"method":"xpath","selector":"//*[contains(@class, 'input__control ')]"}
  (Session info: chrome=105.0.5195.127)
[1665407402.520][INFO]: [324c0a048e6f45abb5401da82dff485f] COMMAND FindElement {
   "using": "xpath",
   "value": "//*[contains(@class, 'input__control ')]"
}
[1665407402.520][INFO]: Waiting for pending navigations...
[1665407402.521][INFO]: Done waiting for pending navigations. Status: ok
[1665407402.525][INFO]: Waiting for pending navigations...
[1665407402.526][INFO]: Done waiting for pending navigations. Status: ok
[1665407402.526][INFO]: [324c0a048e6f45abb5401da82dff485f] RESPONSE FindElement ERROR no such element: Unable to locate element: {"method":"xpath","selector":"//*[contains(@class, 'input__control ')]"}
  (Session info: chrome=105.0.5195.127)
[1665407402.736][INFO]: [324c0a048e6f45abb5401da82dff485f] COMMAND FindElement {
   "using": "xpath",
   "value": "//*[contains(@class, 'input__control ')]"
}
[1665407402.736][INFO]: Waiting for pending navigations...
[1665407402.737][INFO]: Done waiting for pending navigations. Status: ok
[1665407402.742][INFO]: Waiting for pending navigations...
[1665407402.743][INFO]: Done waiting for pending navigations. Status: ok
[1665407402.743][INFO]: [324c0a048e6f45abb5401da82dff485f] RESPONSE FindElement ERROR no such element: Unable to locate element: {"method":"xpath","selector":"//*[contains(@class, 'input__control ')]"}
  (Session info: chrome=105.0.5195.127)
[1665407402.953][INFO]: [324c0a048e6f45abb5401da82dff485f] COMMAND FindElement {
   "using": "xpath",
   "value": "//*[contains(@class, 'input__control ')]"
}
[1665407402.953][INFO]: Waiting for pending navigations...
[1665407402.954][INFO]: Done waiting for pending navigations. Status: ok
[1665407402.959][INFO]: Waiting for pending navigations...
[1665407402.960][INFO]: Done waiting for pending navigations. Status: ok
[1665407402.960][INFO]: [324c0a048e6f45abb5401da82dff485f] RESPONSE FindElement ERROR no such element: Unable to locate element: {"method":"xpath","selector":"//*[contains(@class, 'input__control ')]"}
  (Session info: chrome=105.0.5195.127)
[1665407403.172][INFO]: [324c0a048e6f45abb5401da82dff485f] COMMAND FindElement {
   "using": "xpath",
   "value": "//*[contains(@class, 'input__control ')]"
}
[1665407403.173][INFO]: Waiting for pending navigations...
[1665407403.174][INFO]: Done waiting for pending navigations. Status: ok
[1665407403.179][INFO]: Waiting for pending navigations...
[1665407403.180][INFO]: Done waiting for pending navigations. Status: ok
[1665407403.180][INFO]: [324c0a048e6f45abb5401da82dff485f] RESPONSE FindElement ERROR no such element: Unable to locate element: {"method":"xpath","selector":"//*[contains(@class, 'input__control ')]"}
  (Session info: chrome=105.0.5195.127)
[1665407403.390][INFO]: [324c0a048e6f45abb5401da82dff485f] COMMAND FindElement {
   "using": "xpath",
   "value": "//*[contains(@class, 'input__control ')]"
}
[1665407403.390][INFO]: Waiting for pending navigations...
[1665407403.390][INFO]: Done waiting for pending navigations. Status: ok
[1665407403.396][INFO]: Waiting for pending navigations...
[1665407403.397][INFO]: Done waiting for pending navigations. Status: ok
[1665407403.397][INFO]: [324c0a048e6f45abb5401da82dff485f] RESPONSE FindElement ERROR no such element: Unable to locate element: {"method":"xpath","selector":"//*[contains(@class, 'input__control ')]"}
  (Session info: chrome=105.0.5195.127)
[1665407403.606][INFO]: [324c0a048e6f45abb5401da82dff485f] COMMAND FindElement {
   "using": "xpath",
   "value": "//*[contains(@class, 'input__control ')]"
}
[1665407403.606][INFO]: Waiting for pending navigations...
[1665407403.607][INFO]: Done waiting for pending navigations. Status: ok
[1665407403.613][INFO]: Waiting for pending navigations...
[1665407403.613][INFO]: Done waiting for pending navigations. Status: ok
[1665407403.613][INFO]: [324c0a048e6f45abb5401da82dff485f] RESPONSE FindElement ERROR no such element: Unable to locate element: {"method":"xpath","selector":"//*[contains(@class, 'input__control ')]"}
  (Session info: chrome=105.0.5195.127)
[1665407403.824][INFO]: [324c0a048e6f45abb5401da82dff485f] COMMAND FindElement {
   "using": "xpath",
   "value": "//*[contains(@class, 'input__control ')]"
}
[1665407403.824][INFO]: Waiting for pending navigations...
[1665407403.825][INFO]: Done waiting for pending navigations. Status: ok
[1665407403.830][INFO]: Waiting for pending navigations...
[1665407403.830][INFO]: Done waiting for pending navigations. Status: ok
[1665407403.830][INFO]: [324c0a048e6f45abb5401da82dff485f] RESPONSE FindElement ERROR no such element: Unable to locate element: {"method":"xpath","selector":"//*[contains(@class, 'input__control ')]"}
  (Session info: chrome=105.0.5195.127)
[1665407404.040][INFO]: [324c0a048e6f45abb5401da82dff485f] COMMAND FindElement {
   "using": "xpath",
   "value": "//*[contains(@class, 'input__control ')]"
}
[1665407404.040][INFO]: Waiting for pending navigations...
[1665407404.043][INFO]: Done waiting for pending navigations. Status: ok
[1665407404.048][INFO]: Waiting for pending navigations...
[1665407404.050][INFO]: Done waiting for pending navigations. Status: ok
[1665407404.050][INFO]: [324c0a048e6f45abb5401da82dff485f] RESPONSE FindElement ERROR no such element: Unable to locate element: {"method":"xpath","selector":"//*[contains(@class, 'input__control ')]"}
  (Session info: chrome=105.0.5195.127)
[1665407404.259][INFO]: [324c0a048e6f45abb5401da82dff485f] COMMAND FindElement {
   "using": "xpath",
   "value": "//*[contains(@class, 'input__control ')]"
}
[1665407404.259][INFO]: Waiting for pending navigations...
[1665407404.260][INFO]: Done waiting for pending navigations. Status: ok
[1665407404.266][INFO]: Waiting for pending navigations...
[1665407404.267][INFO]: Done waiting for pending navigations. Status: ok
[1665407404.267][INFO]: [324c0a048e6f45abb5401da82dff485f] RESPONSE FindElement ERROR no such element: Unable to locate element: {"method":"xpath","selector":"//*[contains(@class, 'input__control ')]"}
  (Session info: chrome=105.0.5195.127)
[1665407404.477][INFO]: [324c0a048e6f45abb5401da82dff485f] COMMAND FindElement {
   "using": "xpath",
   "value": "//*[contains(@class, 'input__control ')]"
}
[1665407404.477][INFO]: Waiting for pending navigations...
[1665407404.478][INFO]: Done waiting for pending navigations. Status: ok
[1665407404.483][INFO]: Waiting for pending navigations...
[1665407404.484][INFO]: Done waiting for pending navigations. Status: ok
[1665407404.484][INFO]: [324c0a048e6f45abb5401da82dff485f] RESPONSE FindElement ERROR no such element: Unable to locate element: {"method":"xpath","selector":"//*[contains(@class, 'input__control ')]"}
  (Session info: chrome=105.0.5195.127)
[1665407404.702][INFO]: [324c0a048e6f45abb5401da82dff485f] COMMAND ExecuteScript {
   "args": [  ],
   "script": "var source = document.documentElement.outerHTML; \nif (!source) { source = new XMLSerializer().serializeToString(document); }\nreturn source;"
}
[1665407404.702][INFO]: Waiting for pending navigations...
[1665407404.703][INFO]: Done waiting for pending navigations. Status: ok
[1665407404.879][INFO]: Waiting for pending navigations...
[1665407404.881][INFO]: Done waiting for pending navigations. Status: ok
[1665407404.882][INFO]: [324c0a048e6f45abb5401da82dff485f] RESPONSE ExecuteScript "\u003Chtml class=\"zen-page _browser-name_chrome _browser-base_chromium _theme_white fonts-loaded\" style=\"\">\u003Chead>\n                \n        \u003Cmeta charset=\"utf-8\">\n        \u003Ctitle>Дзен\u003C/title>\n        ..."
[1665407405.259][INFO]: [324c0a048e6f45abb5401da82dff485f] COMMAND Screenshot {
}
[1665407405.259][INFO]: Waiting for pending navigations...
[1665407405.260][INFO]: Done waiting for pending navigations. Status: ok
[1665407405.456][INFO]: Waiting for pending navigations...
[1665407405.457][INFO]: Done waiting for pending navigations. Status: ok
[1665407405.457][INFO]: [324c0a048e6f45abb5401da82dff485f] RESPONSE Screenshot "iVBORw0KGgoAAAANSUhEUgAAB4AAAAOkCAYAAABH0Cn1AAAAAXNSR0IArs4c6QAAIABJREFUeJzs3Xl8VPW9//HXmSXJTPaFLYGwIwrIIpviCuJaF1xYWlekt7d1t/Zq1dv2d2sXe29t1dq6VetSEdu6KypLUVFRkE1kCQgkECCBhKwzySzn/P6YzJAhKyFhEvJ+9..."
[1665407405.515][INFO]: [324c0a048e6f45abb5401da82dff485f] COMMAND Screenshot {
}
[1665407405.515][INFO]: Waiting for pending navigations...
[1665407405.516][INFO]: Done waiting for pending navigations. Status: ok
[1665407405.714][INFO]: Waiting for pending navigations...
[1665407405.716][INFO]: Done waiting for pending navigations. Status: ok
[1665407405.716][INFO]: [324c0a048e6f45abb5401da82dff485f] RESPONSE Screenshot "iVBORw0KGgoAAAANSUhEUgAAB4AAAAOkCAYAAABH0Cn1AAAAAXNSR0IArs4c6QAAIABJREFUeJzs3Xl8VPW9//HXmSXJTPaFLYGwIwrIIpviCuJaF1xYWlekt7d1t/Zq1dv2d2sXe29t1dq6VetSEdu6KypLUVFRkE1kCQgkECCBhKwzySzn/P6YzJAhKyFhEvJ+9..."
[1665407405.766][INFO]: [324c0a048e6f45abb5401da82dff485f] COMMAND ExecuteScript {
   "args": [  ],
   "script": "var source = document.documentElement.outerHTML; \nif (!source) { source = new XMLSerializer().serializeToString(document); }\nreturn source;"
}
[1665407405.767][INFO]: Waiting for pending navigations...
[1665407405.767][INFO]: Done waiting for pending navigations. Status: ok
[1665407405.927][INFO]: Waiting for pending navigations...
[1665407405.928][INFO]: Done waiting for pending navigations. Status: ok
[1665407405.930][INFO]: [324c0a048e6f45abb5401da82dff485f] RESPONSE ExecuteScript "\u003Chtml class=\"zen-page _browser-name_chrome _browser-base_chromium _theme_white fonts-loaded\" style=\"\">\u003Chead>\n                \n        \u003Cmeta charset=\"utf-8\">\n        \u003Ctitle>Дзен\u003C/title>\n        ..."
[1665407406.263][INFO]: [324c0a048e6f45abb5401da82dff485f] COMMAND Quit {
}
[1665407406.306][INFO]: [324c0a048e6f45abb5401da82dff485f] RESPONSE Quit
