[1666092201.617][INFO]: Starting ChromeDriver 106.0.5249.61 (511755355844955cd3e264779baf0dd38212a4d0-refs/branch-heads/5249@{#569}) on port 20502
[1666092201.617][INFO]: Please see https://chromedriver.chromium.org/security-considerations for suggestions on keeping ChromeDriver safe.
[1666092201.826][INFO]: [b9cb6a1185dad479a54832856f356ab1] COMMAND InitSession {
   "capabilities": {
      "firstMatch": [ {
         "acceptInsecureCerts": true,
         "browserName": "chrome",
         "goog:chromeOptions": {
            "args": [ "--proxy-bypass-list=\u003C-loopback>", "--disable-dev-shm-usage", "--no-sandbox" ],
            "excludeSwitches": [ "enable-automation", "load-extension" ],
            "extensions": [  ],
            "prefs": {
               "credentials_enable_service": false,
               "download.default_directory": "C:\\Users\\neuro\\IdeaProjects\\AutottestsSample\\build\\downloads\\1666092201467_18956_1",
               "plugins.always_open_pdf_externally": true
            }
         },
         "pageLoadStrategy": "normal"
      } ]
   },
   "desiredCapabilities": {
      "acceptInsecureCerts": true,
      "acceptSslCerts": true,
      "browserName": "chrome",
      "goog:chromeOptions": {
         "args": [ "--proxy-bypass-list=\u003C-loopback>", "--disable-dev-shm-usage", "--no-sandbox" ],
         "excludeSwitches": [ "enable-automation", "load-extension" ],
         "extensions": [  ],
         "prefs": {
            "credentials_enable_service": false,
            "download.default_directory": "C:\\Users\\neuro\\IdeaProjects\\AutottestsSample\\build\\downloads\\1666092201467_18956_1",
            "plugins.always_open_pdf_externally": true
         }
      },
      "handlesAlerts": true,
      "javascriptEnabled": true,
      "pageLoadStrategy": "normal",
      "takesScreenshot": true
   }
}
[1666092201.831][INFO]: Populating Preferences file: {
   "alternate_error_pages": {
      "enabled": false
   },
   "autofill": {
      "enabled": false
   },
   "browser": {
      "check_default_browser": false
   },
   "credentials_enable_service": false,
   "distribution": {
      "import_bookmarks": false,
      "import_history": false,
      "import_search_engine": false,
      "make_chrome_default_for_user": false,
      "skip_first_run_ui": true
   },
   "dns_prefetching": {
      "enabled": false
   },
   "download": {
      "default_directory": "C:\\Users\\neuro\\IdeaProjects\\AutottestsSample\\build\\downloads\\1666092201467_18956_1"
   },
   "plugins": {
      "always_open_pdf_externally": true
   },
   "profile": {
      "content_settings": {
         "pattern_pairs": {
            "https://*,*": {
               "media-stream": {
                  "audio": "Default",
                  "video": "Default"
               }
            }
         }
      },
      "default_content_setting_values": {
         "geolocation": 1
      },
      "default_content_settings": {
         "geolocation": 1,
         "mouselock": 1,
         "notifications": 1,
         "popups": 1,
         "ppapi-broker": 1
      },
      "password_manager_enabled": false
   },
   "safebrowsing": {
      "enabled": false
   },
   "search": {
      "suggest_enabled": false
   },
   "translate": {
      "enabled": false
   }
}
[1666092201.831][INFO]: Populating Local State file: {
   "background_mode": {
      "enabled": false
   },
   "ssl": {
      "rev_checking": {
         "enabled": false
      }
   }
}
[1666092201.835][INFO]: Launching chrome: "C:\Program Files\Google\Chrome\Application\chrome.exe" --allow-pre-commit-input --disable-background-networking --disable-backgrounding-occluded-windows --disable-client-side-phishing-detection --disable-default-apps --disable-dev-shm-usage --disable-hang-monitor --disable-popup-blocking --disable-prompt-on-repost --disable-sync --enable-blink-features=ShadowDOMV0 --enable-logging --ignore-certificate-errors --log-level=0 --no-first-run --no-sandbox --no-service-autorun --password-store=basic --proxy-bypass-list=<-loopback> --remote-debugging-port=0 --test-type=webdriver --use-mock-keychain --user-data-dir="C:\Users\neuro\AppData\Local\Temp\scoped_dir7284_959832607" data:,
[1666092202.404][INFO]: resolved localhost to ["::1","127.0.0.1"]
[1666092202.410][INFO]: [b9cb6a1185dad479a54832856f356ab1] RESPONSE InitSession {
   "capabilities": {
      "acceptInsecureCerts": true,
      "browserName": "chrome",
      "browserVersion": "106.0.5249.119",
      "chrome": {
         "chromedriverVersion": "106.0.5249.61 (511755355844955cd3e264779baf0dd38212a4d0-refs/branch-heads/5249@{#569})",
         "userDataDir": "C:\\Users\\neuro\\AppData\\Local\\Temp\\scoped_dir7284_959832607"
      },
      "goog:chromeOptions": {
         "debuggerAddress": "localhost:62030"
      },
      "networkConnectionEnabled": false,
      "pageLoadStrategy": "normal",
      "platformName": "windows",
      "proxy": {
      },
      "setWindowRect": true,
      "strictFileInteractability": false,
      "timeouts": {
         "implicit": 0,
         "pageLoad": 300000,
         "script": 30000
      },
      "unhandledPromptBehavior": "dismiss and notify",
      "webauthn:extension:credBlob": true,
      "webauthn:extension:largeBlob": true,
      "webauthn:virtualAuthenticators": true
   },
   "sessionId": "b9cb6a1185dad479a54832856f356ab1"
}
[1666092202.447][INFO]: [b9cb6a1185dad479a54832856f356ab1] COMMAND MaximizeWindow {
}
[1666092202.447][INFO]: Waiting for pending navigations...
[1666092202.449][INFO]: Done waiting for pending navigations. Status: ok
[1666092202.573][INFO]: Waiting for pending navigations...
[1666092202.574][INFO]: Done waiting for pending navigations. Status: ok
[1666092202.574][INFO]: [b9cb6a1185dad479a54832856f356ab1] RESPONSE MaximizeWindow {
   "height": 832,
   "width": 1552,
   "x": -8,
   "y": -8
}
[1666092202.578][INFO]: [b9cb6a1185dad479a54832856f356ab1] COMMAND SetTimeouts {
   "pageLoad": 30000
}
[1666092202.578][INFO]: [b9cb6a1185dad479a54832856f356ab1] RESPONSE SetTimeouts
[1666092202.585][INFO]: [b9cb6a1185dad479a54832856f356ab1] COMMAND Navigate {
   "url": "https://yandex.ru"
}
[1666092202.585][INFO]: Waiting for pending navigations...
[1666092202.587][INFO]: Done waiting for pending navigations. Status: ok
[1666092202.948][INFO]: Waiting for pending navigations...
[1666092204.793][INFO]: Done waiting for pending navigations. Status: ok
[1666092204.793][INFO]: [b9cb6a1185dad479a54832856f356ab1] RESPONSE Navigate
[1666092204.829][INFO]: [b9cb6a1185dad479a54832856f356ab1] COMMAND FindElement {
   "using": "xpath",
   "value": "//*[contains(@class, 'ini-suggest__input') and not(contains(@class, '-clear'))]"
}
[1666092204.829][INFO]: Waiting for pending navigations...
[1666092204.831][INFO]: Done waiting for pending navigations. Status: ok
[1666092204.840][INFO]: Waiting for pending navigations...
[1666092204.841][INFO]: Done waiting for pending navigations. Status: ok
[1666092204.841][INFO]: [b9cb6a1185dad479a54832856f356ab1] RESPONSE FindElement ERROR no such element: Unable to locate element: {"method":"xpath","selector":"//*[contains(@class, 'ini-suggest__input') and not(contains(@class, '-clear'))]"}
  (Session info: chrome=106.0.5249.119)
[1666092205.062][INFO]: [b9cb6a1185dad479a54832856f356ab1] COMMAND FindElement {
   "using": "xpath",
   "value": "//*[contains(@class, 'ini-suggest__input') and not(contains(@class, '-clear'))]"
}
[1666092205.062][INFO]: Waiting for pending navigations...
[1666092205.189][INFO]: Done waiting for pending navigations. Status: ok
[1666092205.195][INFO]: Waiting for pending navigations...
[1666092205.195][INFO]: Done waiting for pending navigations. Status: ok
[1666092205.195][INFO]: [b9cb6a1185dad479a54832856f356ab1] RESPONSE FindElement ERROR no such element: Unable to locate element: {"method":"xpath","selector":"//*[contains(@class, 'ini-suggest__input') and not(contains(@class, '-clear'))]"}
  (Session info: chrome=106.0.5249.119)
[1666092205.400][INFO]: [b9cb6a1185dad479a54832856f356ab1] COMMAND FindElement {
   "using": "xpath",
   "value": "//*[contains(@class, 'ini-suggest__input') and not(contains(@class, '-clear'))]"
}
[1666092205.400][INFO]: Waiting for pending navigations...
[1666092205.401][INFO]: Done waiting for pending navigations. Status: ok
[1666092205.406][INFO]: Waiting for pending navigations...
[1666092205.407][INFO]: Done waiting for pending navigations. Status: ok
[1666092205.407][INFO]: [b9cb6a1185dad479a54832856f356ab1] RESPONSE FindElement ERROR no such element: Unable to locate element: {"method":"xpath","selector":"//*[contains(@class, 'ini-suggest__input') and not(contains(@class, '-clear'))]"}
  (Session info: chrome=106.0.5249.119)
[1666092205.616][INFO]: [b9cb6a1185dad479a54832856f356ab1] COMMAND FindElement {
   "using": "xpath",
   "value": "//*[contains(@class, 'ini-suggest__input') and not(contains(@class, '-clear'))]"
}
[1666092205.616][INFO]: Waiting for pending navigations...
[1666092205.617][INFO]: Done waiting for pending navigations. Status: ok
[1666092205.621][INFO]: Waiting for pending navigations...
[1666092205.622][INFO]: Done waiting for pending navigations. Status: ok
[1666092205.622][INFO]: [b9cb6a1185dad479a54832856f356ab1] RESPONSE FindElement ERROR no such element: Unable to locate element: {"method":"xpath","selector":"//*[contains(@class, 'ini-suggest__input') and not(contains(@class, '-clear'))]"}
  (Session info: chrome=106.0.5249.119)
[1666092205.831][INFO]: [b9cb6a1185dad479a54832856f356ab1] COMMAND FindElement {
   "using": "xpath",
   "value": "//*[contains(@class, 'ini-suggest__input') and not(contains(@class, '-clear'))]"
}
[1666092205.831][INFO]: Waiting for pending navigations...
[1666092205.832][INFO]: Done waiting for pending navigations. Status: ok
[1666092205.837][INFO]: Waiting for pending navigations...
[1666092205.838][INFO]: Done waiting for pending navigations. Status: ok
[1666092205.838][INFO]: [b9cb6a1185dad479a54832856f356ab1] RESPONSE FindElement ERROR no such element: Unable to locate element: {"method":"xpath","selector":"//*[contains(@class, 'ini-suggest__input') and not(contains(@class, '-clear'))]"}
  (Session info: chrome=106.0.5249.119)
[1666092206.049][INFO]: [b9cb6a1185dad479a54832856f356ab1] COMMAND FindElement {
   "using": "xpath",
   "value": "//*[contains(@class, 'ini-suggest__input') and not(contains(@class, '-clear'))]"
}
[1666092206.049][INFO]: Waiting for pending navigations...
[1666092206.050][INFO]: Done waiting for pending navigations. Status: ok
[1666092206.055][INFO]: Waiting for pending navigations...
[1666092206.055][INFO]: Done waiting for pending navigations. Status: ok
[1666092206.055][INFO]: [b9cb6a1185dad479a54832856f356ab1] RESPONSE FindElement ERROR no such element: Unable to locate element: {"method":"xpath","selector":"//*[contains(@class, 'ini-suggest__input') and not(contains(@class, '-clear'))]"}
  (Session info: chrome=106.0.5249.119)
[1666092206.266][INFO]: [b9cb6a1185dad479a54832856f356ab1] COMMAND FindElement {
   "using": "xpath",
   "value": "//*[contains(@class, 'ini-suggest__input') and not(contains(@class, '-clear'))]"
}
[1666092206.266][INFO]: Waiting for pending navigations...
[1666092206.267][INFO]: Done waiting for pending navigations. Status: ok
[1666092206.272][INFO]: Waiting for pending navigations...
[1666092206.273][INFO]: Done waiting for pending navigations. Status: ok
[1666092206.273][INFO]: [b9cb6a1185dad479a54832856f356ab1] RESPONSE FindElement ERROR no such element: Unable to locate element: {"method":"xpath","selector":"//*[contains(@class, 'ini-suggest__input') and not(contains(@class, '-clear'))]"}
  (Session info: chrome=106.0.5249.119)
[1666092206.486][INFO]: [b9cb6a1185dad479a54832856f356ab1] COMMAND FindElement {
   "using": "xpath",
   "value": "//*[contains(@class, 'ini-suggest__input') and not(contains(@class, '-clear'))]"
}
[1666092206.486][INFO]: Waiting for pending navigations...
[1666092206.487][INFO]: Done waiting for pending navigations. Status: ok
[1666092206.493][INFO]: Waiting for pending navigations...
[1666092206.494][INFO]: Done waiting for pending navigations. Status: ok
[1666092206.494][INFO]: [b9cb6a1185dad479a54832856f356ab1] RESPONSE FindElement ERROR no such element: Unable to locate element: {"method":"xpath","selector":"//*[contains(@class, 'ini-suggest__input') and not(contains(@class, '-clear'))]"}
  (Session info: chrome=106.0.5249.119)
[1666092206.706][INFO]: [b9cb6a1185dad479a54832856f356ab1] COMMAND FindElement {
   "using": "xpath",
   "value": "//*[contains(@class, 'ini-suggest__input') and not(contains(@class, '-clear'))]"
}
[1666092206.706][INFO]: Waiting for pending navigations...
[1666092206.707][INFO]: Done waiting for pending navigations. Status: ok
[1666092206.717][INFO]: Waiting for pending navigations...
[1666092206.718][INFO]: Done waiting for pending navigations. Status: ok
[1666092206.718][INFO]: [b9cb6a1185dad479a54832856f356ab1] RESPONSE FindElement ERROR no such element: Unable to locate element: {"method":"xpath","selector":"//*[contains(@class, 'ini-suggest__input') and not(contains(@class, '-clear'))]"}
  (Session info: chrome=106.0.5249.119)
[1666092206.926][INFO]: [b9cb6a1185dad479a54832856f356ab1] COMMAND FindElement {
   "using": "xpath",
   "value": "//*[contains(@class, 'ini-suggest__input') and not(contains(@class, '-clear'))]"
}
[1666092206.927][INFO]: Waiting for pending navigations...
[1666092206.928][INFO]: Done waiting for pending navigations. Status: ok
[1666092206.933][INFO]: Waiting for pending navigations...
[1666092206.934][INFO]: Done waiting for pending navigations. Status: ok
[1666092206.934][INFO]: [b9cb6a1185dad479a54832856f356ab1] RESPONSE FindElement ERROR no such element: Unable to locate element: {"method":"xpath","selector":"//*[contains(@class, 'ini-suggest__input') and not(contains(@class, '-clear'))]"}
  (Session info: chrome=106.0.5249.119)
[1666092207.145][INFO]: [b9cb6a1185dad479a54832856f356ab1] COMMAND FindElement {
   "using": "xpath",
   "value": "//*[contains(@class, 'ini-suggest__input') and not(contains(@class, '-clear'))]"
}
[1666092207.145][INFO]: Waiting for pending navigations...
[1666092207.147][INFO]: Done waiting for pending navigations. Status: ok
[1666092207.153][INFO]: Waiting for pending navigations...
[1666092207.153][INFO]: Done waiting for pending navigations. Status: ok
[1666092207.153][INFO]: [b9cb6a1185dad479a54832856f356ab1] RESPONSE FindElement ERROR no such element: Unable to locate element: {"method":"xpath","selector":"//*[contains(@class, 'ini-suggest__input') and not(contains(@class, '-clear'))]"}
  (Session info: chrome=106.0.5249.119)
[1666092207.365][INFO]: [b9cb6a1185dad479a54832856f356ab1] COMMAND FindElement {
   "using": "xpath",
   "value": "//*[contains(@class, 'ini-suggest__input') and not(contains(@class, '-clear'))]"
}
[1666092207.365][INFO]: Waiting for pending navigations...
[1666092207.366][INFO]: Done waiting for pending navigations. Status: ok
[1666092207.371][INFO]: Waiting for pending navigations...
[1666092207.372][INFO]: Done waiting for pending navigations. Status: ok
[1666092207.372][INFO]: [b9cb6a1185dad479a54832856f356ab1] RESPONSE FindElement ERROR no such element: Unable to locate element: {"method":"xpath","selector":"//*[contains(@class, 'ini-suggest__input') and not(contains(@class, '-clear'))]"}
  (Session info: chrome=106.0.5249.119)
[1666092207.582][INFO]: [b9cb6a1185dad479a54832856f356ab1] COMMAND FindElement {
   "using": "xpath",
   "value": "//*[contains(@class, 'ini-suggest__input') and not(contains(@class, '-clear'))]"
}
[1666092207.582][INFO]: Waiting for pending navigations...
[1666092207.583][INFO]: Done waiting for pending navigations. Status: ok
[1666092207.588][INFO]: Waiting for pending navigations...
[1666092207.588][INFO]: Done waiting for pending navigations. Status: ok
[1666092207.588][INFO]: [b9cb6a1185dad479a54832856f356ab1] RESPONSE FindElement ERROR no such element: Unable to locate element: {"method":"xpath","selector":"//*[contains(@class, 'ini-suggest__input') and not(contains(@class, '-clear'))]"}
  (Session info: chrome=106.0.5249.119)
[1666092207.801][INFO]: [b9cb6a1185dad479a54832856f356ab1] COMMAND FindElement {
   "using": "xpath",
   "value": "//*[contains(@class, 'ini-suggest__input') and not(contains(@class, '-clear'))]"
}
[1666092207.802][INFO]: Waiting for pending navigations...
[1666092207.802][INFO]: Done waiting for pending navigations. Status: ok
[1666092207.808][INFO]: Waiting for pending navigations...
[1666092207.808][INFO]: Done waiting for pending navigations. Status: ok
[1666092207.808][INFO]: [b9cb6a1185dad479a54832856f356ab1] RESPONSE FindElement ERROR no such element: Unable to locate element: {"method":"xpath","selector":"//*[contains(@class, 'ini-suggest__input') and not(contains(@class, '-clear'))]"}
  (Session info: chrome=106.0.5249.119)
[1666092208.019][INFO]: [b9cb6a1185dad479a54832856f356ab1] COMMAND FindElement {
   "using": "xpath",
   "value": "//*[contains(@class, 'ini-suggest__input') and not(contains(@class, '-clear'))]"
}
[1666092208.020][INFO]: Waiting for pending navigations...
[1666092208.020][INFO]: Done waiting for pending navigations. Status: ok
[1666092208.025][INFO]: Waiting for pending navigations...
[1666092208.025][INFO]: Done waiting for pending navigations. Status: ok
[1666092208.025][INFO]: [b9cb6a1185dad479a54832856f356ab1] RESPONSE FindElement ERROR no such element: Unable to locate element: {"method":"xpath","selector":"//*[contains(@class, 'ini-suggest__input') and not(contains(@class, '-clear'))]"}
  (Session info: chrome=106.0.5249.119)
[1666092208.235][INFO]: [b9cb6a1185dad479a54832856f356ab1] COMMAND FindElement {
   "using": "xpath",
   "value": "//*[contains(@class, 'ini-suggest__input') and not(contains(@class, '-clear'))]"
}
[1666092208.235][INFO]: Waiting for pending navigations...
[1666092208.257][INFO]: Done waiting for pending navigations. Status: ok
[1666092208.267][INFO]: Waiting for pending navigations...
[1666092208.268][INFO]: Done waiting for pending navigations. Status: ok
[1666092208.268][INFO]: [b9cb6a1185dad479a54832856f356ab1] RESPONSE FindElement ERROR no such element: Unable to locate element: {"method":"xpath","selector":"//*[contains(@class, 'ini-suggest__input') and not(contains(@class, '-clear'))]"}
  (Session info: chrome=106.0.5249.119)
[1666092208.489][INFO]: [b9cb6a1185dad479a54832856f356ab1] COMMAND FindElement {
   "using": "xpath",
   "value": "//*[contains(@class, 'ini-suggest__input') and not(contains(@class, '-clear'))]"
}
[1666092208.489][INFO]: Waiting for pending navigations...
[1666092208.491][INFO]: Done waiting for pending navigations. Status: ok
[1666092208.504][INFO]: Waiting for pending navigations...
[1666092208.511][INFO]: Done waiting for pending navigations. Status: ok
[1666092208.511][INFO]: [b9cb6a1185dad479a54832856f356ab1] RESPONSE FindElement ERROR no such element: Unable to locate element: {"method":"xpath","selector":"//*[contains(@class, 'ini-suggest__input') and not(contains(@class, '-clear'))]"}
  (Session info: chrome=106.0.5249.119)
[1666092208.726][INFO]: [b9cb6a1185dad479a54832856f356ab1] COMMAND FindElement {
   "using": "xpath",
   "value": "//*[contains(@class, 'ini-suggest__input') and not(contains(@class, '-clear'))]"
}
[1666092208.726][INFO]: Waiting for pending navigations...
[1666092208.978][INFO]: Done waiting for pending navigations. Status: ok
[1666092209.026][INFO]: Waiting for pending navigations...
[1666092209.040][INFO]: Done waiting for pending navigations. Status: ok
[1666092209.040][INFO]: [b9cb6a1185dad479a54832856f356ab1] RESPONSE FindElement ERROR no such element: Unable to locate element: {"method":"xpath","selector":"//*[contains(@class, 'ini-suggest__input') and not(contains(@class, '-clear'))]"}
  (Session info: chrome=106.0.5249.119)
[1666092209.257][INFO]: [b9cb6a1185dad479a54832856f356ab1] COMMAND ExecuteScript {
   "args": [  ],
   "script": "var source = document.documentElement.outerHTML; \nif (!source) { source = new XMLSerializer().serializeToString(document); }\nreturn source;"
}
[1666092209.257][INFO]: Waiting for pending navigations...
[1666092209.258][INFO]: Done waiting for pending navigations. Status: ok
[1666092209.428][INFO]: Waiting for pending navigations...
[1666092209.430][INFO]: Done waiting for pending navigations. Status: ok
[1666092209.431][INFO]: [b9cb6a1185dad479a54832856f356ab1] RESPONSE ExecuteScript "\u003Chtml class=\"zen-page _browser-name_chrome _browser-base_chromium _theme_white fonts-loaded\" style=\"\">\u003Chead>\n                \n        \u003Cmeta charset=\"utf-8\">\n        \u003Ctitle>Дзен\u003C/title>\n        ..."
[1666092209.733][INFO]: [b9cb6a1185dad479a54832856f356ab1] COMMAND Screenshot {
}
[1666092209.733][INFO]: Waiting for pending navigations...
[1666092209.734][INFO]: Done waiting for pending navigations. Status: ok
[1666092209.916][INFO]: Waiting for pending navigations...
[1666092209.919][INFO]: Done waiting for pending navigations. Status: ok
[1666092209.919][INFO]: [b9cb6a1185dad479a54832856f356ab1] RESPONSE Screenshot "iVBORw0KGgoAAAANSUhEUgAABMsAAAOkCAYAAAC4aLOjAAAAAXNSR0IArs4c6QAAIABJREFUeJzs3Xl8VPW9//F3FkKG3URAETIRCFoFw2KukZICAlpRUazKpgIBb8vVSq+2IsqvaK8FYm9VXIq9YhCV9VoqKNQKiJgAkUgAQa8mKpmRpYkwCoFM1pnfH5MzZjJLJ..."
[1666092209.971][INFO]: [b9cb6a1185dad479a54832856f356ab1] COMMAND Screenshot {
}
[1666092209.971][INFO]: Waiting for pending navigations...
[1666092209.972][INFO]: Done waiting for pending navigations. Status: ok
[1666092210.115][INFO]: Waiting for pending navigations...
[1666092210.119][INFO]: Done waiting for pending navigations. Status: ok
[1666092210.119][INFO]: [b9cb6a1185dad479a54832856f356ab1] RESPONSE Screenshot "iVBORw0KGgoAAAANSUhEUgAABMsAAAOkCAYAAAC4aLOjAAAAAXNSR0IArs4c6QAAIABJREFUeJzs3Xl8VPW9//F3FkKG3URAETIRCFoFw2KukZICAlpRUazKpgIBb8vVSq+2IsqvaK8FYm9VXIq9YhCV9VoqKNQKiJgAkUgAQa8mKpmRpYkwCoFM1pnfH5MzZjJLJ..."
[1666092210.159][INFO]: [b9cb6a1185dad479a54832856f356ab1] COMMAND ExecuteScript {
   "args": [  ],
   "script": "var source = document.documentElement.outerHTML; \nif (!source) { source = new XMLSerializer().serializeToString(document); }\nreturn source;"
}
[1666092210.159][INFO]: Waiting for pending navigations...
[1666092210.160][INFO]: Done waiting for pending navigations. Status: ok
[1666092210.320][INFO]: Waiting for pending navigations...
[1666092210.321][INFO]: Done waiting for pending navigations. Status: ok
[1666092210.323][INFO]: [b9cb6a1185dad479a54832856f356ab1] RESPONSE ExecuteScript "\u003Chtml class=\"zen-page _browser-name_chrome _browser-base_chromium _theme_white fonts-loaded\" style=\"\">\u003Chead>\n                \n        \u003Cmeta charset=\"utf-8\">\n        \u003Ctitle>Дзен\u003C/title>\n        ..."
[1666092210.715][INFO]: [b9cb6a1185dad479a54832856f356ab1] COMMAND Quit {
}
[1666092210.762][INFO]: [b9cb6a1185dad479a54832856f356ab1] RESPONSE Quit
